#
# There is insufficient memory for the Java Runtime Environment to continue.
# Native memory allocation (mmap) failed to map 2097152 bytes for Failed to commit area from 0x00000000ccf00000 to 0x00000000cd100000 of length 2097152.
# Possible reasons:
#   The system is out of physical RAM or swap space
#   The process is running with CompressedOops enabled, and the Java Heap may be blocking the growth of the native heap
# Possible solutions:
#   Reduce memory load on the system
#   Increase physical memory or swap space
#   Check if swap backing store is full
#   Decrease Java heap size (-Xmx/-Xms)
#   Decrease number of Java threads
#   Decrease Java thread stack sizes (-Xss)
#   Set larger code cache with -XX:ReservedCodeCacheSize=
#   JVM is running with Unscaled Compressed Oops mode in which the Java heap is
#     placed in the first 4GB address space. The Java Heap base address is the
#     maximum limit for the native heap growth. Please use -XX:HeapBaseMinAddress
#     to set the Java Heap base and to place the Java Heap above 4GB virtual address.
# This output file may be truncated or incomplete.
#
#  Out of Memory Error (t:/workspace/open/src/hotspot/os/windows/os_windows.cpp:3301), pid=6528, tid=8264
#
# JRE version: Java(TM) SE Runtime Environment (13.0.2+8) (build 13.0.2+8)
# Java VM: Java HotSpot(TM) 64-Bit Server VM (13.0.2+8, mixed mode, sharing, tiered, compressed oops, g1 gc, windows-amd64)
# No core dump will be written. Minidumps are not enabled by default on client versions of Windows
#

---------------  S U M M A R Y ------------

Command Line: --module-path=C:\Program Files\Java\javafx-sdk-11.0.2\lib --add-modules=javafx.controls,javafx.fxml -Dfile.encoding=MS874 application.MainApp

Host: Intel(R) Core(TM) i3-6100U CPU @ 2.30GHz, 4 cores, 3G,  Windows 10 , 64 bit Build 18362 (10.0.18362.778)
Time: Fri Apr 24 12:20:37 2020 SE Asia Standard Time elapsed time: 3 seconds (0d 0h 0m 3s)

---------------  T H R E A D  ---------------

Current thread (0x000001df22e04000):  VMThread "VM Thread" [stack: 0x000000b135700000,0x000000b135800000] [id=8264]

Stack: [0x000000b135700000,0x000000b135800000]
[error occurred during error reporting (printing stack bounds), id 0xc0000005, EXCEPTION_ACCESS_VIOLATION (0xc0000005) at pc=0x000001df2b2410ad]

Native frames: (J=compiled Java code, j=interpreted, Vv=VM code, C=native code)
V  [jvm.dll+0x624f9a]
V  [jvm.dll+0x770cfa]
V  [jvm.dll+0x7724af]
V  [jvm.dll+0x772a15]
V  [jvm.dll+0x7729cb]
V  [jvm.dll+0x6244df]
C  [ntdll.dll+0x785b6]
C  [ntdll.dll+0x6a056]
C  [ntdll.dll+0x9fe3e]
C  0x000001df2b2410ad

VM_Operation (0x000000b1353ff630): G1Concurrent, mode: safepoint, requested by thread 0x000001df22d7a000


---------------  P R O C E S S  ---------------

Threads class SMR info:
_java_thread_list=0x000001df4010a5e0, length=15, elements={
0x000001df22d40800, 0x000001df22e05000, 0x000001df22e08000, 0x000001df3e8bb000,
0x000001df3e8bb800, 0x000001df3e8bc800, 0x000001df3e8ce000, 0x000001df3e8d0800,
0x000001df3f2e9000, 0x000001df3f3a4800, 0x000001df3f5ee000, 0x000001df3f504000,
0x000001df3f62a800, 0x000001df40068800, 0x000001df40119000
}

Java Threads: ( => current thread )
  0x000001df22d40800 JavaThread "main" [_thread_blocked, id=5608, stack(0x000000b135100000,0x000000b135200000)]
  0x000001df22e05000 JavaThread "Reference Handler" daemon [_thread_blocked, id=5100, stack(0x000000b135800000,0x000000b135900000)]
  0x000001df22e08000 JavaThread "Finalizer" daemon [_thread_blocked, id=10056, stack(0x000000b135900000,0x000000b135a00000)]
  0x000001df3e8bb000 JavaThread "Signal Dispatcher" daemon [_thread_blocked, id=736, stack(0x000000b135a00000,0x000000b135b00000)]
  0x000001df3e8bb800 JavaThread "Attach Listener" daemon [_thread_blocked, id=9296, stack(0x000000b135b00000,0x000000b135c00000)]
  0x000001df3e8bc800 JavaThread "C2 CompilerThread0" daemon [_thread_blocked, id=7192, stack(0x000000b135c00000,0x000000b135d00000)]
  0x000001df3e8ce000 JavaThread "C1 CompilerThread0" daemon [_thread_blocked, id=10552, stack(0x000000b135d00000,0x000000b135e00000)]
  0x000001df3e8d0800 JavaThread "Sweeper thread" daemon [_thread_blocked, id=6616, stack(0x000000b135e00000,0x000000b135f00000)]
  0x000001df3f2e9000 JavaThread "Common-Cleaner" daemon [_thread_blocked, id=6684, stack(0x000000b135f00000,0x000000b136000000)]
  0x000001df3f3a4800 JavaThread "Service Thread" daemon [_thread_blocked, id=1504, stack(0x000000b136000000,0x000000b136100000)]
  0x000001df3f5ee000 JavaThread "QuantumRenderer-0" daemon [_thread_blocked, id=9712, stack(0x000000b136200000,0x000000b136300000)]
  0x000001df3f504000 JavaThread "InvokeLaterDispatcher" daemon [_thread_blocked, id=1140, stack(0x000000b136400000,0x000000b136500000)]
  0x000001df3f62a800 JavaThread "JavaFX Application Thread" [_thread_blocked, id=11112, stack(0x000000b136500000,0x000000b136600000)]
  0x000001df40068800 JavaThread "JavaFX-Launcher" [_thread_blocked, id=9132, stack(0x000000b136b00000,0x000000b136c00000)]
  0x000001df40119000 JavaThread "Thread-2" daemon [_thread_blocked, id=10720, stack(0x000000b136a00000,0x000000b136b00000)]

Other Threads:
=>0x000001df22e04000 VMThread "VM Thread" [stack: 0x000000b135700000,0x000000b135800000] [id=8264]
  0x000001df3f41f800 WatcherThread [stack: 0x000000b136100000,0x000000b136200000] [id=11096]
  0x000001df22d71000 GCTaskThread "GC Thread#0" [stack: 0x000000b135200000,0x000000b135300000] [id=5144]
  0x000001df40099800 GCTaskThread "GC Thread#1" [stack: 0x000000b136700000,0x000000b136800000] [id=8172]
  0x000001df4009e000 GCTaskThread "GC Thread#2" [stack: 0x000000b136800000,0x000000b136900000] [id=9912]
  0x000001df40075000 GCTaskThread "GC Thread#3" [stack: 0x000000b136900000,0x000000b136a00000] [id=6864]
  0x000001df22d7a000 ConcurrentGCThread "G1 Main Marker" [stack: 0x000000b135300000,0x000000b135400000] [id=576]
  0x000001df22d7b000 ConcurrentGCThread "G1 Conc#0" [stack: 0x000000b135400000,0x000000b135500000] [id=8428]
  0x000001df22dc3800 ConcurrentGCThread "G1 Refine#0" [stack: 0x000000b135500000,0x000000b135600000] [id=10228]
  0x000001df22dc7000 ConcurrentGCThread "G1 Young RemSet Sampling" [stack: 0x000000b135600000,0x000000b135700000] [id=9940]

Threads with active compile tasks:
C2 CompilerThread0     3696  980  s    4       java.io.BufferedInputStream::read (113 bytes)

VM state:at safepoint (normal execution)

VM Mutex/Monitor currently owned by a thread:  ([mutex/lock_event])
[0x000001df22d3e0d0] Threads_lock - owner thread: 0x000001df22e04000
[0x000001df22d3c5d0] Heap_lock - owner thread: 0x000001df22d7a000

Heap address: 0x00000000c8e00000, size: 882 MB, Compressed Oops mode: 32-bit
Narrow klass base: 0x0000000800000000, Narrow klass shift: 3
Compressed class space size: 1073741824 Address: 0x0000000800b40000

Heap:
 garbage-first heap   total 68608K, used 39086K [0x00000000c8e00000, 0x0000000100000000)
  region size 1024K, 2 young (2048K), 1 survivors (1024K)
 Metaspace       used 5237K, capacity 8121K, committed 8192K, reserved 1056768K
  class space    used 651K, capacity 994K, committed 1024K, reserved 1048576K
Heap Regions: E=young(eden), S=young(survivor), O=old, HS=humongous(starts), HC=humongous(continues), CS=collection set, F=free, A=archive, TAMS=top-at-mark-start (previous, next)
|   0|0x00000000c8e00000, 0x00000000c8f00000, 0x00000000c8f00000|100%| O|  |TAMS 0x00000000c8f00000, 0x00000000c8e00000| Updating 
|   1|0x00000000c8f00000, 0x00000000c9000000, 0x00000000c9000000|100%|HS|  |TAMS 0x00000000c9000000, 0x00000000c8f00000| Complete 
|   2|0x00000000c9000000, 0x00000000c9100000, 0x00000000c9100000|100%|HC|  |TAMS 0x00000000c9100000, 0x00000000c9000000| Complete 
|   3|0x00000000c9100000, 0x00000000c9200000, 0x00000000c9200000|100%|HC|  |TAMS 0x00000000c9200000, 0x00000000c9100000| Complete 
|   4|0x00000000c9200000, 0x00000000c9300000, 0x00000000c9300000|100%| O|  |TAMS 0x00000000c9300000, 0x00000000c9200000| Updating 
|   5|0x00000000c9300000, 0x00000000c9400000, 0x00000000c9400000|100%|HS|  |TAMS 0x00000000c9400000, 0x00000000c9300000| Complete 
|   6|0x00000000c9400000, 0x00000000c9500000, 0x00000000c9500000|100%|HC|  |TAMS 0x00000000c9500000, 0x00000000c9400000| Complete 
|   7|0x00000000c9500000, 0x00000000c9600000, 0x00000000c9600000|100%|HC|  |TAMS 0x00000000c9600000, 0x00000000c9500000| Complete 
|   8|0x00000000c9600000, 0x00000000c9700000, 0x00000000c9700000|100%|HS|  |TAMS 0x00000000c9700000, 0x00000000c9600000| Complete 
|   9|0x00000000c9700000, 0x00000000c9800000, 0x00000000c9800000|100%|HC|  |TAMS 0x00000000c9800000, 0x00000000c9700000| Complete 
|  10|0x00000000c9800000, 0x00000000c9900000, 0x00000000c9900000|100%|HC|  |TAMS 0x00000000c9900000, 0x00000000c9800000| Complete 
|  11|0x00000000c9900000, 0x00000000c9a00000, 0x00000000c9a00000|100%|HS|  |TAMS 0x00000000c9a00000, 0x00000000c9900000| Complete 
|  12|0x00000000c9a00000, 0x00000000c9b00000, 0x00000000c9b00000|100%|HS|  |TAMS 0x00000000c9b00000, 0x00000000c9a00000| Complete 
|  13|0x00000000c9b00000, 0x00000000c9c00000, 0x00000000c9c00000|100%|HC|  |TAMS 0x00000000c9c00000, 0x00000000c9b00000| Complete 
|  14|0x00000000c9c00000, 0x00000000c9d00000, 0x00000000c9d00000|100%|HC|  |TAMS 0x00000000c9d00000, 0x00000000c9c00000| Complete 
|  15|0x00000000c9d00000, 0x00000000c9e00000, 0x00000000c9e00000|100%|HS|  |TAMS 0x00000000c9e00000, 0x00000000c9d00000| Complete 
|  16|0x00000000c9e00000, 0x00000000c9f00000, 0x00000000c9f00000|100%|HC|  |TAMS 0x00000000c9f00000, 0x00000000c9e00000| Complete 
|  17|0x00000000c9f00000, 0x00000000ca000000, 0x00000000ca000000|100%|HC|  |TAMS 0x00000000ca000000, 0x00000000c9f00000| Complete 
|  18|0x00000000ca000000, 0x00000000ca100000, 0x00000000ca100000|100%|HS|  |TAMS 0x00000000ca100000, 0x00000000ca000000| Complete 
|  19|0x00000000ca100000, 0x00000000ca200000, 0x00000000ca200000|100%|HC|  |TAMS 0x00000000ca200000, 0x00000000ca100000| Complete 
|  20|0x00000000ca200000, 0x00000000ca300000, 0x00000000ca300000|100%|HC|  |TAMS 0x00000000ca300000, 0x00000000ca200000| Complete 
|  21|0x00000000ca300000, 0x00000000ca400000, 0x00000000ca400000|100%|HS|  |TAMS 0x00000000ca400000, 0x00000000ca300000| Complete 
|  22|0x00000000ca400000, 0x00000000ca500000, 0x00000000ca500000|100%|HC|  |TAMS 0x00000000ca500000, 0x00000000ca400000| Complete 
|  23|0x00000000ca500000, 0x00000000ca600000, 0x00000000ca600000|100%|HC|  |TAMS 0x00000000ca600000, 0x00000000ca500000| Complete 
|  24|0x00000000ca600000, 0x00000000ca700000, 0x00000000ca700000|100%| O|  |TAMS 0x00000000ca700000, 0x00000000ca600000| Updating 
|  25|0x00000000ca700000, 0x00000000ca7d6e00, 0x00000000ca800000| 83%| O|  |TAMS 0x00000000ca7d6e00, 0x00000000ca700000| Updating 
|  26|0x00000000ca800000, 0x00000000ca900000, 0x00000000ca900000|100%|HS|  |TAMS 0x00000000ca900000, 0x00000000ca800000| Complete 
|  27|0x00000000ca900000, 0x00000000caa00000, 0x00000000caa00000|100%|HC|  |TAMS 0x00000000caa00000, 0x00000000ca900000| Complete 
|  28|0x00000000caa00000, 0x00000000cab00000, 0x00000000cab00000|100%|HC|  |TAMS 0x00000000cab00000, 0x00000000caa00000| Complete 
|  29|0x00000000cab00000, 0x00000000cac00000, 0x00000000cac00000|100%|HS|  |TAMS 0x00000000cac00000, 0x00000000cab00000| Complete 
|  30|0x00000000cac00000, 0x00000000cad00000, 0x00000000cad00000|100%|HC|  |TAMS 0x00000000cad00000, 0x00000000cac00000| Complete 
|  31|0x00000000cad00000, 0x00000000cae00000, 0x00000000cae00000|100%|HC|  |TAMS 0x00000000cae00000, 0x00000000cad00000| Complete 
|  32|0x00000000cae00000, 0x00000000caf00000, 0x00000000caf00000|100%|HS|  |TAMS 0x00000000caf00000, 0x00000000cae00000| Complete 
|  33|0x00000000caf00000, 0x00000000cb000000, 0x00000000cb000000|100%|HC|  |TAMS 0x00000000cb000000, 0x00000000caf00000| Complete 
|  34|0x00000000cb000000, 0x00000000cb100000, 0x00000000cb100000|100%|HC|  |TAMS 0x00000000cb100000, 0x00000000cb000000| Complete 
|  35|0x00000000cb100000, 0x00000000cb200000, 0x00000000cb200000|100%|HS|  |TAMS 0x00000000cb200000, 0x00000000cb100000| Complete 
|  36|0x00000000cb200000, 0x00000000cb300000, 0x00000000cb300000|100%|HS|  |TAMS 0x00000000cb300000, 0x00000000cb200000| Complete 
|  37|0x00000000cb300000, 0x00000000cb400000, 0x00000000cb400000|100%|HS|  |TAMS 0x00000000cb300000, 0x00000000cb300000| Complete 
|  38|0x00000000cb400000, 0x00000000cb400000, 0x00000000cb500000|  0%| F|  |TAMS 0x00000000cb400000, 0x00000000cb400000| Untracked 
|  39|0x00000000cb500000, 0x00000000cb500000, 0x00000000cb600000|  0%| F|  |TAMS 0x00000000cb500000, 0x00000000cb500000| Untracked 
|  40|0x00000000cb600000, 0x00000000cb600000, 0x00000000cb700000|  0%| F|  |TAMS 0x00000000cb600000, 0x00000000cb600000| Untracked 
|  41|0x00000000cb700000, 0x00000000cb700000, 0x00000000cb800000|  0%| F|  |TAMS 0x00000000cb700000, 0x00000000cb700000| Untracked 
|  42|0x00000000cb800000, 0x00000000cb800000, 0x00000000cb900000|  0%| F|  |TAMS 0x00000000cb800000, 0x00000000cb800000| Untracked 
|  43|0x00000000cb900000, 0x00000000cb900000, 0x00000000cba00000|  0%| F|  |TAMS 0x00000000cb900000, 0x00000000cb900000| Untracked 
|  44|0x00000000cba00000, 0x00000000cba00000, 0x00000000cbb00000|  0%| F|  |TAMS 0x00000000cba00000, 0x00000000cba00000| Untracked 
|  45|0x00000000cbb00000, 0x00000000cbb00000, 0x00000000cbc00000|  0%| F|  |TAMS 0x00000000cbb00000, 0x00000000cbb00000| Untracked 
|  46|0x00000000cbc00000, 0x00000000cbc00000, 0x00000000cbd00000|  0%| F|  |TAMS 0x00000000cbc00000, 0x00000000cbc00000| Untracked 
|  47|0x00000000cbd00000, 0x00000000cbd00000, 0x00000000cbe00000|  0%| F|  |TAMS 0x00000000cbd00000, 0x00000000cbd00000| Untracked 
|  48|0x00000000cbe00000, 0x00000000cbe00000, 0x00000000cbf00000|  0%| F|  |TAMS 0x00000000cbe00000, 0x00000000cbe00000| Untracked 
|  49|0x00000000cbf00000, 0x00000000cbf00000, 0x00000000cc000000|  0%| F|  |TAMS 0x00000000cbf00000, 0x00000000cbf00000| Untracked 
|  50|0x00000000cc000000, 0x00000000cc000000, 0x00000000cc100000|  0%| F|  |TAMS 0x00000000cc000000, 0x00000000cc000000| Untracked 
|  51|0x00000000cc100000, 0x00000000cc100000, 0x00000000cc200000|  0%| F|  |TAMS 0x00000000cc100000, 0x00000000cc100000| Untracked 
|  52|0x00000000cc200000, 0x00000000cc200000, 0x00000000cc300000|  0%| F|  |TAMS 0x00000000cc200000, 0x00000000cc200000| Untracked 
|  53|0x00000000cc300000, 0x00000000cc300000, 0x00000000cc400000|  0%| F|  |TAMS 0x00000000cc300000, 0x00000000cc300000| Untracked 
|  54|0x00000000cc400000, 0x00000000cc400000, 0x00000000cc500000|  0%| F|  |TAMS 0x00000000cc400000, 0x00000000cc400000| Untracked 
|  55|0x00000000cc500000, 0x00000000cc500000, 0x00000000cc600000|  0%| F|  |TAMS 0x00000000cc500000, 0x00000000cc500000| Untracked 
|  56|0x00000000cc600000, 0x00000000cc600000, 0x00000000cc700000|  0%| F|  |TAMS 0x00000000cc600000, 0x00000000cc600000| Untracked 
|  57|0x00000000cc700000, 0x00000000cc700000, 0x00000000cc800000|  0%| F|  |TAMS 0x00000000cc700000, 0x00000000cc700000| Untracked 
|  58|0x00000000cc800000, 0x00000000cc800000, 0x00000000cc900000|  0%| F|  |TAMS 0x00000000cc800000, 0x00000000cc800000| Untracked 
|  59|0x00000000cc900000, 0x00000000cc900000, 0x00000000cca00000|  0%| F|  |TAMS 0x00000000cc900000, 0x00000000cc900000| Untracked 
|  60|0x00000000cca00000, 0x00000000cca00000, 0x00000000ccb00000|  0%| F|  |TAMS 0x00000000cca00000, 0x00000000cca00000| Untracked 
|  61|0x00000000ccb00000, 0x00000000ccb00000, 0x00000000ccc00000|  0%| F|  |TAMS 0x00000000ccb00000, 0x00000000ccb00000| Untracked 
|  62|0x00000000ccc00000, 0x00000000ccc00000, 0x00000000ccd00000|  0%| F|  |TAMS 0x00000000ccc00000, 0x00000000ccc00000| Untracked 
|  63|0x00000000ccd00000, 0x00000000ccd252e8, 0x00000000cce00000| 14%| E|  |TAMS 0x00000000ccd00000, 0x00000000ccd00000| Complete 
|  64|0x00000000cce00000, 0x00000000cce54b10, 0x00000000ccf00000| 33%| S|CS|TAMS 0x00000000cce00000, 0x00000000cce00000| Complete 

Card table byte_map: [0x000001df3a400000,0x000001df3a5c0000] _byte_map_base: 0x000001df39db9000

Marking Bits (Prev, Next): (CMBitMap*) 0x000001df22d71c08, (CMBitMap*) 0x000001df22d71bc8
 Prev Bits: [0x000001df3b550000, 0x000001df3c318000)
 Next Bits: [0x000001df3a780000, 0x000001df3b548000)

Polling page: 0x000001df20d00000

Metaspace:

Usage:
  Non-class:      6.96 MB capacity,     4.48 MB ( 64%) used,     2.46 MB ( 35%) free+waste,    19.81 KB ( <1%) overhead. 
      Class:    994.00 KB capacity,   651.74 KB ( 66%) used,   331.45 KB ( 33%) free+waste,    10.81 KB (  1%) overhead. 
       Both:      7.93 MB capacity,     5.11 MB ( 64%) used,     2.79 MB ( 35%) free+waste,    30.63 KB ( <1%) overhead. 

Virtual space:
  Non-class space:        8.00 MB reserved,       7.00 MB ( 88%) committed 
      Class space:        1.00 GB reserved,       1.00 MB ( <1%) committed 
             Both:        1.01 GB reserved,       8.00 MB ( <1%) committed 

Chunk freelists:
   Non-Class:  41.00 KB
       Class:  30.00 KB
        Both:  71.00 KB

MaxMetaspaceSize: 17179869184.00 GB
CompressedClassSpaceSize: 1.00 GB

CodeHeap 'non-profiled nmethods': size=120000Kb used=361Kb max_used=361Kb free=119638Kb
 bounds [0x000001df32d10000, 0x000001df32f80000, 0x000001df3a240000]
CodeHeap 'profiled nmethods': size=120000Kb used=1586Kb max_used=1608Kb free=118413Kb
 bounds [0x000001df2b7e0000, 0x000001df2ba50000, 0x000001df32d10000]
CodeHeap 'non-nmethods': size=5760Kb used=1227Kb max_used=1243Kb free=4532Kb
 bounds [0x000001df2b240000, 0x000001df2b4b0000, 0x000001df2b7e0000]
 total_blobs=2004 nmethods=971 adapters=401
 compilation: enabled
              stopped_count=0, restarted_count=0
 full_count=0

Compilation events (20 events):
Event: 3.043 Thread 0x000001df3e8bc800 nmethod 970 0x000001df32d69d90 code [0x000001df32d69f20, 0x000001df32d6a018]
Event: 3.111 Thread 0x000001df3e8ce000  971       3       java.lang.Integer::valueOf (32 bytes)
Event: 3.111 Thread 0x000001df3e8ce000 nmethod 971 0x000001df2b931410 code [0x000001df2b9315e0, 0x000001df2b931958]
Event: 3.116 Thread 0x000001df3e8bc800  972       4       java.util.concurrent.ConcurrentHashMap::get (162 bytes)
Event: 3.133 Thread 0x000001df3e8bc800 nmethod 972 0x000001df32d5ce10 code [0x000001df32d5cfe0, 0x000001df32d5d838]
Event: 3.133 Thread 0x000001df3e8bc800  973  s    4       java.io.BufferedInputStream::read (49 bytes)
Event: 3.136 Thread 0x000001df3e8bc800 nmethod 973 0x000001df32d5b710 code [0x000001df32d5b8a0, 0x000001df32d5bce8]
Event: 3.141 Thread 0x000001df3e8bc800  974       4       jdk.internal.jimage.ImageStringsReader::charsFromByteBufferLength (47 bytes)
Event: 3.141 Thread 0x000001df3e8ce000  975       3       jdk.internal.module.ModuleReferences$JarModuleReader::getEntry (15 bytes)
Event: 3.142 Thread 0x000001df3e8ce000 nmethod 975 0x000001df2b963e90 code [0x000001df2b9640e0, 0x000001df2b964b20]
Event: 3.142 Thread 0x000001df3e8ce000  976       3       java.util.concurrent.locks.ReentrantReadWriteLock$ReadLock::unlock (10 bytes)
Event: 3.142 Thread 0x000001df3e8ce000 nmethod 976 0x000001df2b92ec10 code [0x000001df2b92ede0, 0x000001df2b92f120]
Event: 3.142 Thread 0x000001df3e8ce000  977       3       java.util.concurrent.locks.ReentrantReadWriteLock$Sync::tryReleaseShared (146 bytes)
Event: 3.144 Thread 0x000001df3e8ce000 nmethod 977 0x000001df2b938110 code [0x000001df2b9383c0, 0x000001df2b939430]
Event: 3.145 Thread 0x000001df3e8bc800 nmethod 974 0x000001df32d5c890 code [0x000001df32d5ca20, 0x000001df32d5cb78]
Event: 3.154 Thread 0x000001df3e8ce000  978       3       java.lang.Math::min (12 bytes)
Event: 3.154 Thread 0x000001df3e8ce000 nmethod 978 0x000001df2b92e810 code [0x000001df2b92e9c0, 0x000001df2b92eb58]
Event: 3.155 Thread 0x000001df3e8bc800  979       4       jdk.internal.jimage.ImageStringsReader::charsFromByteBuffer (186 bytes)
Event: 3.159 Thread 0x000001df3e8bc800 nmethod 979 0x000001df32d6a110 code [0x000001df32d6a2a0, 0x000001df32d6a458]
Event: 3.168 Thread 0x000001df3e8bc800  980  s    4       java.io.BufferedInputStream::read (113 bytes)

GC Heap History (16 events):
Event: 1.267 GC heap before
{Heap before GC invocations=0 (full 0):
 garbage-first heap   total 57344K, used 13312K [0x00000000c8e00000, 0x0000000100000000)
  region size 1024K, 14 young (14336K), 0 survivors (0K)
 Metaspace       used 3425K, capacity 6532K, committed 6656K, reserved 1056768K
  class space    used 382K, capacity 718K, committed 768K, reserved 1048576K
}
Event: 1.272 GC heap after
{Heap after GC invocations=1 (full 0):
 garbage-first heap   total 57344K, used 2202K [0x00000000c8e00000, 0x0000000100000000)
  region size 1024K, 2 young (2048K), 2 survivors (2048K)
 Metaspace       used 3425K, capacity 6532K, committed 6656K, reserved 1056768K
  class space    used 382K, capacity 718K, committed 768K, reserved 1048576K
}
Event: 2.731 GC heap before
{Heap before GC invocations=1 (full 0):
 garbage-first heap   total 57344K, used 32922K [0x00000000c8e00000, 0x0000000100000000)
  region size 1024K, 11 young (11264K), 2 survivors (2048K)
 Metaspace       used 5234K, capacity 8121K, committed 8192K, reserved 1056768K
  class space    used 651K, capacity 994K, committed 1024K, reserved 1048576K
}
Event: 2.736 GC heap after
{Heap after GC invocations=2 (full 0):
 garbage-first heap   total 57344K, used 23535K [0x00000000c8e00000, 0x0000000100000000)
  region size 1024K, 4 young (4096K), 4 survivors (4096K)
 Metaspace       used 5234K, capacity 8121K, committed 8192K, reserved 1056768K
  class space    used 651K, capacity 994K, committed 1024K, reserved 1048576K
}
Event: 2.795 GC heap before
{Heap before GC invocations=3 (full 0):
 garbage-first heap   total 57344K, used 26607K [0x00000000c8e00000, 0x0000000100000000)
  region size 1024K, 5 young (5120K), 4 survivors (4096K)
 Metaspace       used 5234K, capacity 8121K, committed 8192K, reserved 1056768K
  class space    used 651K, capacity 994K, committed 1024K, reserved 1048576K
}
Event: 2.800 GC heap after
{Heap after GC invocations=4 (full 0):
 garbage-first heap   total 57344K, used 26670K [0x00000000c8e00000, 0x0000000100000000)
  region size 1024K, 1 young (1024K), 1 survivors (1024K)
 Metaspace       used 5234K, capacity 8121K, committed 8192K, reserved 1056768K
  class space    used 651K, capacity 994K, committed 1024K, reserved 1048576K
}
Event: 2.882 GC heap before
{Heap before GC invocations=5 (full 0):
 garbage-first heap   total 57344K, used 29742K [0x00000000c8e00000, 0x0000000100000000)
  region size 1024K, 2 young (2048K), 1 survivors (1024K)
 Metaspace       used 5235K, capacity 8121K, committed 8192K, reserved 1056768K
  class space    used 651K, capacity 994K, committed 1024K, reserved 1048576K
}
Event: 2.883 GC heap after
{Heap after GC invocations=6 (full 0):
 garbage-first heap   total 57344K, used 29590K [0x00000000c8e00000, 0x0000000100000000)
  region size 1024K, 1 young (1024K), 1 survivors (1024K)
 Metaspace       used 5235K, capacity 8121K, committed 8192K, reserved 1056768K
  class space    used 651K, capacity 994K, committed 1024K, reserved 1048576K
}
Event: 2.968 GC heap before
{Heap before GC invocations=7 (full 0):
 garbage-first heap   total 58368K, used 32662K [0x00000000c8e00000, 0x0000000100000000)
  region size 1024K, 2 young (2048K), 1 survivors (1024K)
 Metaspace       used 5235K, capacity 8121K, committed 8192K, reserved 1056768K
  class space    used 651K, capacity 994K, committed 1024K, reserved 1048576K
}
Event: 2.970 GC heap after
{Heap after GC invocations=8 (full 0):
 garbage-first heap   total 58368K, used 32631K [0x00000000c8e00000, 0x0000000100000000)
  region size 1024K, 1 young (1024K), 1 survivors (1024K)
 Metaspace       used 5235K, capacity 8121K, committed 8192K, reserved 1056768K
  class space    used 651K, capacity 994K, committed 1024K, reserved 1048576K
}
Event: 3.037 GC heap before
{Heap before GC invocations=9 (full 0):
 garbage-first heap   total 63488K, used 35703K [0x00000000c8e00000, 0x0000000100000000)
  region size 1024K, 2 young (2048K), 1 survivors (1024K)
 Metaspace       used 5235K, capacity 8121K, committed 8192K, reserved 1056768K
  class space    used 651K, capacity 994K, committed 1024K, reserved 1048576K
}
Event: 3.038 GC heap after
{Heap after GC invocations=10 (full 0):
 garbage-first heap   total 63488K, used 35698K [0x00000000c8e00000, 0x0000000100000000)
  region size 1024K, 1 young (1024K), 1 survivors (1024K)
 Metaspace       used 5235K, capacity 8121K, committed 8192K, reserved 1056768K
  class space    used 651K, capacity 994K, committed 1024K, reserved 1048576K
}
Event: 3.080 GC heap before
{Heap before GC invocations=11 (full 0):
 garbage-first heap   total 65536K, used 36722K [0x00000000c8e00000, 0x0000000100000000)
  region size 1024K, 2 young (2048K), 1 survivors (1024K)
 Metaspace       used 5235K, capacity 8121K, committed 8192K, reserved 1056768K
  class space    used 651K, capacity 994K, committed 1024K, reserved 1048576K
}
Event: 3.081 GC heap after
{Heap after GC invocations=12 (full 0):
 garbage-first heap   total 65536K, used 36721K [0x00000000c8e00000, 0x0000000100000000)
  region size 1024K, 1 young (1024K), 1 survivors (1024K)
 Metaspace       used 5235K, capacity 8121K, committed 8192K, reserved 1056768K
  class space    used 651K, capacity 994K, committed 1024K, reserved 1048576K
}
Event: 3.211 GC heap before
{Heap before GC invocations=13 (full 0):
 garbage-first heap   total 66560K, used 37745K [0x00000000c8e00000, 0x0000000100000000)
  region size 1024K, 2 young (2048K), 1 survivors (1024K)
 Metaspace       used 5237K, capacity 8121K, committed 8192K, reserved 1056768K
  class space    used 651K, capacity 994K, committed 1024K, reserved 1048576K
}
Event: 3.212 GC heap after
{Heap after GC invocations=14 (full 0):
 garbage-first heap   total 66560K, used 38062K [0x00000000c8e00000, 0x0000000100000000)
  region size 1024K, 1 young (1024K), 1 survivors (1024K)
 Metaspace       used 5237K, capacity 8121K, committed 8192K, reserved 1056768K
  class space    used 651K, capacity 994K, committed 1024K, reserved 1048576K
}

Deoptimization events (20 events):
Event: 2.026 Thread 0x000001df3f62a800 DEOPT PACKING pc=0x000001df2b9642f2 sp=0x000000b1365fc560
Event: 2.026 Thread 0x000001df3f62a800 DEOPT UNPACKING pc=0x000001df2b28964e sp=0x000000b1365fbb18 mode 0
Event: 2.027 Thread 0x000001df3f62a800 DEOPT PACKING pc=0x000001df2b9642f2 sp=0x000000b1365fc560
Event: 2.027 Thread 0x000001df3f62a800 DEOPT UNPACKING pc=0x000001df2b28964e sp=0x000000b1365fbb18 mode 0
Event: 2.028 Thread 0x000001df3f62a800 DEOPT PACKING pc=0x000001df2b9642f2 sp=0x000000b1365fc560
Event: 2.028 Thread 0x000001df3f62a800 DEOPT UNPACKING pc=0x000001df2b28964e sp=0x000000b1365fbb18 mode 0
Event: 2.028 Thread 0x000001df3f62a800 DEOPT PACKING pc=0x000001df2b9642f2 sp=0x000000b1365fc560
Event: 2.028 Thread 0x000001df3f62a800 DEOPT UNPACKING pc=0x000001df2b28964e sp=0x000000b1365fbb18 mode 0
Event: 2.029 Thread 0x000001df3f62a800 DEOPT PACKING pc=0x000001df2b9642f2 sp=0x000000b1365fc560
Event: 2.029 Thread 0x000001df3f62a800 DEOPT UNPACKING pc=0x000001df2b28964e sp=0x000000b1365fbb18 mode 0
Event: 2.029 Thread 0x000001df3f62a800 DEOPT PACKING pc=0x000001df2b9642f2 sp=0x000000b1365fc560
Event: 2.029 Thread 0x000001df3f62a800 DEOPT UNPACKING pc=0x000001df2b28964e sp=0x000000b1365fbb18 mode 0
Event: 2.029 Thread 0x000001df3f62a800 DEOPT PACKING pc=0x000001df2b9642f2 sp=0x000000b1365fc560
Event: 2.029 Thread 0x000001df3f62a800 DEOPT UNPACKING pc=0x000001df2b28964e sp=0x000000b1365fbb18 mode 0
Event: 2.030 Thread 0x000001df3f62a800 DEOPT PACKING pc=0x000001df2b9642f2 sp=0x000000b1365fc560
Event: 2.030 Thread 0x000001df3f62a800 DEOPT UNPACKING pc=0x000001df2b28964e sp=0x000000b1365fbb18 mode 0
Event: 2.030 Thread 0x000001df3f62a800 DEOPT PACKING pc=0x000001df2b9642f2 sp=0x000000b1365fc560
Event: 2.030 Thread 0x000001df3f62a800 DEOPT UNPACKING pc=0x000001df2b28964e sp=0x000000b1365fbb18 mode 0
Event: 2.196 Thread 0x000001df3f62a800 DEOPT PACKING pc=0x000001df2b9342f3 sp=0x000000b1365fc500
Event: 2.196 Thread 0x000001df3f62a800 DEOPT UNPACKING pc=0x000001df2b28964e sp=0x000000b1365fb968 mode 0

Classes unloaded (0 events):
No events

Classes redefined (0 events):
No events

Internal exceptions (20 events):
Event: 2.341 Thread 0x000001df3f62a800 Exception <a 'java/io/FileNotFoundException'{0x00000000cbd314f8}> (0x00000000cbd314f8) 
thrown [t:/workspace/open/src/hotspot/share/prims/jni.cpp, line 598]
Event: 2.371 Thread 0x000001df3f62a800 Exception <a 'java/io/FileNotFoundException'{0x00000000cbd4ba80}> (0x00000000cbd4ba80) 
thrown [t:/workspace/open/src/hotspot/share/prims/jni.cpp, line 598]
Event: 2.435 Thread 0x000001df3f62a800 Exception <a 'java/io/FileNotFoundException'{0x00000000cbd55ff8}> (0x00000000cbd55ff8) 
thrown [t:/workspace/open/src/hotspot/share/prims/jni.cpp, line 598]
Event: 2.528 Thread 0x000001df3f62a800 Exception <a 'java/io/FileNotFoundException'{0x00000000cbd61490}> (0x00000000cbd61490) 
thrown [t:/workspace/open/src/hotspot/share/prims/jni.cpp, line 598]
Event: 2.595 Thread 0x000001df3f62a800 Exception <a 'java/io/FileNotFoundException'{0x00000000cbd6b828}> (0x00000000cbd6b828) 
thrown [t:/workspace/open/src/hotspot/share/prims/jni.cpp, line 598]
Event: 2.665 Thread 0x000001df3f62a800 Exception <a 'java/io/FileNotFoundException'{0x00000000cbd75d00}> (0x00000000cbd75d00) 
thrown [t:/workspace/open/src/hotspot/share/prims/jni.cpp, line 598]
Event: 2.750 Thread 0x000001df3f62a800 Exception <a 'java/io/FileNotFoundException'{0x00000000cc5042c0}> (0x00000000cc5042c0) 
thrown [t:/workspace/open/src/hotspot/share/prims/jni.cpp, line 598]
Event: 2.816 Thread 0x000001df3f62a800 Exception <a 'java/io/FileNotFoundException'{0x00000000cc5048d8}> (0x00000000cc5048d8) 
thrown [t:/workspace/open/src/hotspot/share/prims/jni.cpp, line 598]
Event: 2.907 Thread 0x000001df3f62a800 Exception <a 'java/io/FileNotFoundException'{0x00000000cc504a58}> (0x00000000cc504a58) 
thrown [t:/workspace/open/src/hotspot/share/prims/jni.cpp, line 598]
Event: 2.987 Thread 0x000001df3f62a800 Exception <a 'java/io/FileNotFoundException'{0x00000000cc504f28}> (0x00000000cc504f28) 
thrown [t:/workspace/open/src/hotspot/share/prims/jni.cpp, line 598]
Event: 3.043 Thread 0x000001df3f62a800 Exception <a 'java/io/FileNotFoundException'{0x00000000cca04270}> (0x00000000cca04270) 
thrown [t:/workspace/open/src/hotspot/share/prims/jni.cpp, line 598]
Event: 3.086 Thread 0x000001df3f62a800 Exception <a 'java/io/FileNotFoundException'{0x00000000ccc04550}> (0x00000000ccc04550) 
thrown [t:/workspace/open/src/hotspot/share/prims/jni.cpp, line 598]
Event: 3.098 Thread 0x000001df3f62a800 Exception <a 'java/io/FileNotFoundException'{0x00000000ccc18788}> (0x00000000ccc18788) 
thrown [t:/workspace/open/src/hotspot/share/prims/jni.cpp, line 598]
Event: 3.112 Thread 0x000001df3f62a800 Exception <a 'java/io/FileNotFoundException'{0x00000000ccc2c5a8}> (0x00000000ccc2c5a8) 
thrown [t:/workspace/open/src/hotspot/share/prims/jni.cpp, line 598]
Event: 3.116 Thread 0x000001df3f62a800 Exception <a 'java/io/FileNotFoundException'{0x00000000ccc407a0}> (0x00000000ccc407a0) 
thrown [t:/workspace/open/src/hotspot/share/prims/jni.cpp, line 598]
Event: 3.130 Thread 0x000001df3f62a800 Exception <a 'java/io/FileNotFoundException'{0x00000000ccc548a8}> (0x00000000ccc548a8) 
thrown [t:/workspace/open/src/hotspot/share/prims/jni.cpp, line 598]
Event: 3.145 Thread 0x000001df3f62a800 Exception <a 'java/io/FileNotFoundException'{0x00000000ccc68a20}> (0x00000000ccc68a20) 
thrown [t:/workspace/open/src/hotspot/share/prims/jni.cpp, line 598]
Event: 3.156 Thread 0x000001df3f62a800 Exception <a 'java/io/FileNotFoundException'{0x00000000ccc72738}> (0x00000000ccc72738) 
thrown [t:/workspace/open/src/hotspot/share/prims/jni.cpp, line 598]
Event: 3.170 Thread 0x000001df3f62a800 Exception <a 'java/io/FileNotFoundException'{0x00000000cccb2100}> (0x00000000cccb2100) 
thrown [t:/workspace/open/src/hotspot/share/prims/jni.cpp, line 598]
Event: 3.180 Thread 0x000001df3f62a800 Exception <a 'java/io/FileNotFoundException'{0x00000000cccc6828}> (0x00000000cccc6828) 
thrown [t:/workspace/open/src/hotspot/share/prims/jni.cpp, line 598]

Events (20 events):
Event: 3.047 Executing VM operation: G1Concurrent done
Event: 3.050 Executing VM operation: G1Concurrent
Event: 3.050 Executing VM operation: G1Concurrent done
Event: 3.080 Executing VM operation: G1CollectForAllocation
Event: 3.081 Executing VM operation: G1CollectForAllocation done
Event: 3.081 Executing VM operation: RevokeBias
Event: 3.082 Executing VM operation: RevokeBias done
Event: 3.082 Executing VM operation: RevokeBias
Event: 3.082 Executing VM operation: RevokeBias done
Event: 3.089 Executing VM operation: G1Concurrent
Event: 3.090 Executing VM operation: G1Concurrent done
Event: 3.092 Executing VM operation: G1Concurrent
Event: 3.092 Executing VM operation: G1Concurrent done
Event: 3.210 Executing VM operation: G1CollectForAllocation
Event: 3.212 Executing VM operation: G1CollectForAllocation done
Event: 3.212 Executing VM operation: RevokeBias
Event: 3.215 Executing VM operation: RevokeBias done
Event: 3.215 Executing VM operation: RevokeBias
Event: 3.215 Executing VM operation: RevokeBias done
Event: 3.223 Executing VM operation: G1Concurrent


Dynamic libraries:
0x00007ff7b1b50000 - 0x00007ff7b1b5f000 	C:\Program Files\Java\jdk-13.0.2\bin\javaw.exe
0x00007ffe2f400000 - 0x00007ffe2f5f0000 	C:\WINDOWS\SYSTEM32\ntdll.dll
0x00007ffe2e520000 - 0x00007ffe2e5d2000 	C:\WINDOWS\System32\KERNEL32.DLL
0x00007ffe2d0b0000 - 0x00007ffe2d353000 	C:\WINDOWS\System32\KERNELBASE.dll
0x00007ffe2c430000 - 0x00007ffe2c52a000 	C:\WINDOWS\System32\ucrtbase.dll
0x00007ffe1ed10000 - 0x00007ffe1ed28000 	C:\Program Files\Java\jdk-13.0.2\bin\jli.dll
0x00007ffe1e980000 - 0x00007ffe1e995000 	C:\Program Files\Java\jdk-13.0.2\bin\VCRUNTIME140.dll
0x00007ffe2dec0000 - 0x00007ffe2df63000 	C:\WINDOWS\System32\ADVAPI32.dll
0x00007ffe2d760000 - 0x00007ffe2d7fe000 	C:\WINDOWS\System32\msvcrt.dll
0x00007ffe2f060000 - 0x00007ffe2f0f7000 	C:\WINDOWS\System32\sechost.dll
0x00007ffe2ef40000 - 0x00007ffe2f060000 	C:\WINDOWS\System32\RPCRT4.dll
0x00007ffe2f1c0000 - 0x00007ffe2f354000 	C:\WINDOWS\System32\USER32.dll
0x00007ffe2c860000 - 0x00007ffe2c881000 	C:\WINDOWS\System32\win32u.dll
0x00007ffe1e580000 - 0x00007ffe1e805000 	C:\WINDOWS\WinSxS\amd64_microsoft.windows.common-controls_6595b64144ccf1df_6.0.18362.778_none_e6c6b761130d4fb8\COMCTL32.dll
0x00007ffe2d800000 - 0x00007ffe2d826000 	C:\WINDOWS\System32\GDI32.dll
0x00007ffe2c5e0000 - 0x00007ffe2c774000 	C:\WINDOWS\System32\gdi32full.dll
0x00007ffe2d830000 - 0x00007ffe2db66000 	C:\WINDOWS\System32\combase.dll
0x00007ffe2c890000 - 0x00007ffe2c92e000 	C:\WINDOWS\System32\msvcp_win.dll
0x00007ffe2c390000 - 0x00007ffe2c410000 	C:\WINDOWS\System32\bcryptPrimitives.dll
0x00007ffe25260000 - 0x00007ffe2526a000 	C:\WINDOWS\SYSTEM32\VERSION.dll
0x00007ffe2e730000 - 0x00007ffe2e75e000 	C:\WINDOWS\System32\IMM32.DLL
0x00007ffe0bc40000 - 0x00007ffe0bcdb000 	C:\Program Files\Java\jdk-13.0.2\bin\msvcp140.dll
0x00007ffdf3be0000 - 0x00007ffdf473d000 	C:\Program Files\Java\jdk-13.0.2\bin\server\jvm.dll
0x00007ffe2d4b0000 - 0x00007ffe2d4b8000 	C:\WINDOWS\System32\PSAPI.DLL
0x00007ffe23a60000 - 0x00007ffe23a69000 	C:\WINDOWS\SYSTEM32\WSOCK32.dll
0x00007ffe25c60000 - 0x00007ffe25c84000 	C:\WINDOWS\SYSTEM32\WINMM.dll
0x00007ffe2eed0000 - 0x00007ffe2ef3f000 	C:\WINDOWS\System32\WS2_32.dll
0x00007ffe25c30000 - 0x00007ffe25c5d000 	C:\WINDOWS\SYSTEM32\winmmbase.dll
0x00007ffe2c590000 - 0x00007ffe2c5da000 	C:\WINDOWS\System32\cfgmgr32.dll
0x00007ffe2c2d0000 - 0x00007ffe2c2e1000 	C:\WINDOWS\System32\kernel.appcore.dll
0x00007ffe271c0000 - 0x00007ffe271d0000 	C:\Program Files\Java\jdk-13.0.2\bin\verify.dll
0x00007ffe2aa30000 - 0x00007ffe2ac24000 	C:\WINDOWS\SYSTEM32\DBGHELP.DLL
0x00007ffe15b70000 - 0x00007ffe15b9a000 	C:\WINDOWS\SYSTEM32\dbgcore.DLL
0x00007ffe1d920000 - 0x00007ffe1d946000 	C:\Program Files\Java\jdk-13.0.2\bin\java.dll
0x00007ffe1e960000 - 0x00007ffe1e977000 	C:\Program Files\Java\jdk-13.0.2\bin\zip.dll
0x00007ffe26ea0000 - 0x00007ffe26eaa000 	C:\Program Files\Java\jdk-13.0.2\bin\jimage.dll
0x00007ffe2e760000 - 0x00007ffe2ee45000 	C:\WINDOWS\System32\SHELL32.dll
0x00007ffe2dfe0000 - 0x00007ffe2e089000 	C:\WINDOWS\System32\shcore.dll
0x00007ffe2c930000 - 0x00007ffe2d0b0000 	C:\WINDOWS\System32\windows.storage.dll
0x00007ffe2c310000 - 0x00007ffe2c333000 	C:\WINDOWS\System32\profapi.dll
0x00007ffe2c340000 - 0x00007ffe2c38a000 	C:\WINDOWS\System32\powrprof.dll
0x00007ffe2c2c0000 - 0x00007ffe2c2d0000 	C:\WINDOWS\System32\UMPDC.dll
0x00007ffe2f360000 - 0x00007ffe2f3b2000 	C:\WINDOWS\System32\shlwapi.dll
0x00007ffe2c410000 - 0x00007ffe2c427000 	C:\WINDOWS\System32\cryptsp.dll
0x00007ffe1e850000 - 0x00007ffe1e869000 	C:\Program Files\Java\jdk-13.0.2\bin\net.dll
0x00007ffe1ca30000 - 0x00007ffe1cb20000 	C:\WINDOWS\SYSTEM32\WINHTTP.dll
0x00007ffe2bb30000 - 0x00007ffe2bb97000 	C:\WINDOWS\system32\mswsock.dll
0x00007ffe1e810000 - 0x00007ffe1e823000 	C:\Program Files\Java\jdk-13.0.2\bin\nio.dll
0x000001df22c90000 - 0x000001df22c93000 	C:\Program Files\Java\javafx-sdk-11.0.2\bin\api-ms-win-core-console-l1-1-0.dll
0x000001df22ca0000 - 0x000001df22ca3000 	C:\Program Files\Java\javafx-sdk-11.0.2\bin\api-ms-win-core-datetime-l1-1-0.dll
0x000001df22cb0000 - 0x000001df22cb3000 	C:\Program Files\Java\javafx-sdk-11.0.2\bin\api-ms-win-core-debug-l1-1-0.dll
0x000001df22cc0000 - 0x000001df22cc3000 	C:\Program Files\Java\javafx-sdk-11.0.2\bin\api-ms-win-core-errorhandling-l1-1-0.dll
0x000001df22cd0000 - 0x000001df22cd4000 	C:\Program Files\Java\javafx-sdk-11.0.2\bin\api-ms-win-core-file-l1-1-0.dll
0x000001df22ce0000 - 0x000001df22ce3000 	C:\Program Files\Java\javafx-sdk-11.0.2\bin\api-ms-win-core-file-l1-2-0.dll
0x000001df22cf0000 - 0x000001df22cf3000 	C:\Program Files\Java\javafx-sdk-11.0.2\bin\api-ms-win-core-file-l2-1-0.dll
0x000001df22d00000 - 0x000001df22d03000 	C:\Program Files\Java\javafx-sdk-11.0.2\bin\api-ms-win-core-handle-l1-1-0.dll
0x000001df3f660000 - 0x000001df3f663000 	C:\Program Files\Java\javafx-sdk-11.0.2\bin\api-ms-win-core-heap-l1-1-0.dll
0x000001df3f670000 - 0x000001df3f673000 	C:\Program Files\Java\javafx-sdk-11.0.2\bin\api-ms-win-core-interlocked-l1-1-0.dll
0x000001df3f680000 - 0x000001df3f683000 	C:\Program Files\Java\javafx-sdk-11.0.2\bin\api-ms-win-core-libraryloader-l1-1-0.dll
0x000001df3f690000 - 0x000001df3f693000 	C:\Program Files\Java\javafx-sdk-11.0.2\bin\api-ms-win-core-localization-l1-2-0.dll
0x000001df3f6a0000 - 0x000001df3f6a3000 	C:\Program Files\Java\javafx-sdk-11.0.2\bin\api-ms-win-core-memory-l1-1-0.dll
0x000001df3f6b0000 - 0x000001df3f6b3000 	C:\Program Files\Java\javafx-sdk-11.0.2\bin\api-ms-win-core-namedpipe-l1-1-0.dll
0x000001df3f6c0000 - 0x000001df3f6c3000 	C:\Program Files\Java\javafx-sdk-11.0.2\bin\api-ms-win-core-processenvironment-l1-1-0.dll
0x000001df3f6d0000 - 0x000001df3f6d3000 	C:\Program Files\Java\javafx-sdk-11.0.2\bin\api-ms-win-core-processthreads-l1-1-0.dll
0x000001df3f6e0000 - 0x000001df3f6e3000 	C:\Program Files\Java\javafx-sdk-11.0.2\bin\api-ms-win-core-processthreads-l1-1-1.dll
0x000001df3f6f0000 - 0x000001df3f6f3000 	C:\Program Files\Java\javafx-sdk-11.0.2\bin\api-ms-win-core-profile-l1-1-0.dll
0x000001df3f700000 - 0x000001df3f703000 	C:\Program Files\Java\javafx-sdk-11.0.2\bin\api-ms-win-core-rtlsupport-l1-1-0.dll
0x000001df3f710000 - 0x000001df3f713000 	C:\Program Files\Java\javafx-sdk-11.0.2\bin\api-ms-win-core-string-l1-1-0.dll
0x000001df3f720000 - 0x000001df3f723000 	C:\Program Files\Java\javafx-sdk-11.0.2\bin\api-ms-win-core-synch-l1-1-0.dll
0x000001df3f730000 - 0x000001df3f733000 	C:\Program Files\Java\javafx-sdk-11.0.2\bin\api-ms-win-core-synch-l1-2-0.dll
0x000001df3f740000 - 0x000001df3f743000 	C:\Program Files\Java\javafx-sdk-11.0.2\bin\api-ms-win-core-sysinfo-l1-1-0.dll
0x000001df3f750000 - 0x000001df3f753000 	C:\Program Files\Java\javafx-sdk-11.0.2\bin\api-ms-win-core-timezone-l1-1-0.dll
0x000001df3f760000 - 0x000001df3f763000 	C:\Program Files\Java\javafx-sdk-11.0.2\bin\api-ms-win-core-util-l1-1-0.dll
0x000001df3f770000 - 0x000001df3f773000 	C:\Program Files\Java\javafx-sdk-11.0.2\bin\api-ms-win-crt-conio-l1-1-0.dll
0x000001df3f780000 - 0x000001df3f784000 	C:\Program Files\Java\javafx-sdk-11.0.2\bin\api-ms-win-crt-convert-l1-1-0.dll
0x000001df3f790000 - 0x000001df3f793000 	C:\Program Files\Java\javafx-sdk-11.0.2\bin\api-ms-win-crt-environment-l1-1-0.dll
0x000001df3f7a0000 - 0x000001df3f7a3000 	C:\Program Files\Java\javafx-sdk-11.0.2\bin\api-ms-win-crt-filesystem-l1-1-0.dll
0x000001df3f7b0000 - 0x000001df3f7b3000 	C:\Program Files\Java\javafx-sdk-11.0.2\bin\api-ms-win-crt-heap-l1-1-0.dll
0x000001df3f7c0000 - 0x000001df3f7c3000 	C:\Program Files\Java\javafx-sdk-11.0.2\bin\api-ms-win-crt-locale-l1-1-0.dll
0x000001df3f7d0000 - 0x000001df3f7d5000 	C:\Program Files\Java\javafx-sdk-11.0.2\bin\api-ms-win-crt-math-l1-1-0.dll
0x000001df3f7e0000 - 0x000001df3f7e5000 	C:\Program Files\Java\javafx-sdk-11.0.2\bin\api-ms-win-crt-multibyte-l1-1-0.dll
0x000001df3f7f0000 - 0x000001df3f800000 	C:\Program Files\Java\javafx-sdk-11.0.2\bin\api-ms-win-crt-private-l1-1-0.dll
0x000001df3f800000 - 0x000001df3f803000 	C:\Program Files\Java\javafx-sdk-11.0.2\bin\api-ms-win-crt-process-l1-1-0.dll
0x000001df3f810000 - 0x000001df3f814000 	C:\Program Files\Java\javafx-sdk-11.0.2\bin\api-ms-win-crt-runtime-l1-1-0.dll
0x000001df3f820000 - 0x000001df3f824000 	C:\Program Files\Java\javafx-sdk-11.0.2\bin\api-ms-win-crt-stdio-l1-1-0.dll
0x000001df3f830000 - 0x000001df3f834000 	C:\Program Files\Java\javafx-sdk-11.0.2\bin\api-ms-win-crt-string-l1-1-0.dll
0x000001df3f840000 - 0x000001df3f843000 	C:\Program Files\Java\javafx-sdk-11.0.2\bin\api-ms-win-crt-time-l1-1-0.dll
0x000001df3f850000 - 0x000001df3f853000 	C:\Program Files\Java\javafx-sdk-11.0.2\bin\api-ms-win-crt-utility-l1-1-0.dll
0x00007ffdfbbd0000 - 0x00007ffdfbcca000 	C:\Program Files\Java\javafx-sdk-11.0.2\bin\ucrtbase.dll
0x00007ffe1c7d0000 - 0x00007ffe1c7e6000 	C:\Program Files\Java\javafx-sdk-11.0.2\bin\vcruntime140.dll
0x00007ffdfbb20000 - 0x00007ffdfbbc6000 	C:\Program Files\Java\javafx-sdk-11.0.2\bin\msvcp140.dll
0x00007ffe0b1f0000 - 0x00007ffe0b241000 	C:\Program Files\Java\javafx-sdk-11.0.2\bin\concrt140.dll
0x00007ffe1be50000 - 0x00007ffe1be73000 	C:\Program Files\Java\javafx-sdk-11.0.2\bin\prism_d3d.dll
0x00007ffe21d30000 - 0x00007ffe21ef7000 	C:\WINDOWS\system32\d3d9.dll
0x00007ffe2a7d0000 - 0x00007ffe2a7fd000 	C:\WINDOWS\SYSTEM32\dwmapi.dll
0x00007ffe2af30000 - 0x00007ffe2af50000 	C:\WINDOWS\SYSTEM32\dxcore.dll
0x00007ffe2a140000 - 0x00007ffe2a1d9000 	C:\WINDOWS\system32\uxtheme.dll
0x00007ffe2c780000 - 0x00007ffe2c7a6000 	C:\WINDOWS\System32\bcrypt.dll
0x00007ffe2d360000 - 0x00007ffe2d4a9000 	C:\WINDOWS\System32\crypt32.dll
0x00007ffe2c2f0000 - 0x00007ffe2c302000 	C:\WINDOWS\System32\MSASN1.dll
0x00007ffe2c530000 - 0x00007ffe2c58c000 	C:\WINDOWS\System32\WINTRUST.DLL
0x00007ffe2e090000 - 0x00007ffe2e0ad000 	C:\WINDOWS\System32\imagehlp.dll
0x00007ffe2b6a0000 - 0x00007ffe2b6d3000 	C:\WINDOWS\system32\rsaenh.dll
0x00007ffe2bd00000 - 0x00007ffe2bd0c000 	C:\WINDOWS\SYSTEM32\CRYPTBASE.dll
0x00007ffe0a9a0000 - 0x00007ffe0a9e5000 	C:\Program Files\Java\javafx-sdk-11.0.2\bin\glass.dll
0x00007ffe2e5e0000 - 0x00007ffe2e6b0000 	C:\WINDOWS\System32\COMDLG32.dll
0x00007ffe2d4c0000 - 0x00007ffe2d617000 	C:\WINDOWS\System32\ole32.dll
0x00007ffe2d620000 - 0x00007ffe2d6e4000 	C:\WINDOWS\System32\OLEAUT32.dll
0x00007ffe2dd20000 - 0x00007ffe2de56000 	C:\WINDOWS\System32\MSCTF.dll
0x00007ffdfde60000 - 0x00007ffdfdf4b000 	C:\WINDOWS\System32\DriverStore\FileRepository\nvlti.inf_amd64_8c4b86902036b3c5\nvldumdx.dll
0x00007ffdef6c0000 - 0x00007ffdf08e7000 	C:\WINDOWS\System32\DriverStore\FileRepository\nvlti.inf_amd64_8c4b86902036b3c5\nvd3dumx.dll
0x00007ffded820000 - 0x00007ffdef6b3000 	C:\WINDOWS\SYSTEM32\igdumdim64.dll
0x00007ffe2e0b0000 - 0x00007ffe2e520000 	C:\WINDOWS\System32\SETUPAPI.dll
0x00007ffe20eb0000 - 0x00007ffe21d22000 	C:\WINDOWS\SYSTEM32\igc64.dll
0x00007ffe15a20000 - 0x00007ffe15a4c000 	C:\Program Files\Java\javafx-sdk-11.0.2\bin\javafx_iio.dll

dbghelp: loaded successfully - version: 4.0.5 - missing functions: none
symbol engine: initialized successfully - sym options: 0x614 - pdb path: .;C:\Program Files\Java\jdk-13.0.2\bin;C:\WINDOWS\SYSTEM32;C:\WINDOWS\WinSxS\amd64_microsoft.windows.common-controls_6595b64144ccf1df_6.0.18362.778_none_e6c6b761130d4fb8;C:\Program Files\Java\jdk-13.0.2\bin\server;C:\Program Files\Java\javafx-sdk-11.0.2\bin;C:\WINDOWS\System32\DriverStore\FileRepository\nvlti.inf_amd64_8c4b86902036b3c5

VM Arguments:
jvm_args: --module-path=C:\Program Files\Java\javafx-sdk-11.0.2\lib --add-modules=javafx.controls,javafx.fxml -Dfile.encoding=MS874 
java_command: application.MainApp
java_class_path (initial): C:\Users\Admin\eclipse-workspace\Progmeth_final\bin
Launcher Type: SUN_STANDARD

[Global flags]
     intx CICompilerCount                          = 3                                         {product} {ergonomic}
     uint ConcGCThreads                            = 1                                         {product} {ergonomic}
     uint G1ConcRefinementThreads                  = 4                                         {product} {ergonomic}
   size_t G1HeapRegionSize                         = 1048576                                   {product} {ergonomic}
    uintx GCDrainStackTargetSize                   = 64                                        {product} {ergonomic}
   size_t InitialHeapSize                          = 58720256                                  {product} {ergonomic}
   size_t MarkStackSize                            = 4194304                                   {product} {ergonomic}
   size_t MaxHeapSize                              = 924844032                                 {product} {ergonomic}
   size_t MaxNewSize                               = 554696704                                 {product} {ergonomic}
   size_t MinHeapDeltaBytes                        = 1048576                                   {product} {ergonomic}
   size_t MinHeapSize                              = 8388608                                   {product} {ergonomic}
    uintx NonNMethodCodeHeapSize                   = 5832780                                {pd product} {ergonomic}
    uintx NonProfiledCodeHeapSize                  = 122912730                              {pd product} {ergonomic}
    uintx ProfiledCodeHeapSize                     = 122912730                              {pd product} {ergonomic}
    uintx ReservedCodeCacheSize                    = 251658240                              {pd product} {ergonomic}
     bool SegmentedCodeCache                       = true                                      {product} {ergonomic}
   size_t SoftMaxHeapSize                          = 924844032                              {manageable} {ergonomic}
     bool UseCompressedClassPointers               = true                                 {lp64_product} {ergonomic}
     bool UseCompressedOops                        = true                                 {lp64_product} {ergonomic}
     bool UseG1GC                                  = true                                      {product} {ergonomic}
     bool UseLargePagesIndividualAllocation        = false                                  {pd product} {ergonomic}

Logging:
Log output configuration:
 #0: stdout all=warning uptime,level,tags
 #1: stderr all=off uptime,level,tags

Environment Variables:
JAVA_HOME=C:\Program Files\Java\jdk-13.0.2
PATH=C:/Program Files/Java/jre1.8.0_121/bin/server;C:/Program Files/Java/jre1.8.0_121/bin;C:/Program Files/Java/jre1.8.0_121/lib/amd64;C:\ProgramData\Oracle\Java\javapath;C:\WINDOWS\system32;C:\WINDOWS;C:\WINDOWS\System32\Wbem;C:\WINDOWS\System32\WindowsPowerShell\v1.0\;C:\WINDOWS\System32\OpenSSH\;C:\Program Files (x86)\NVIDIA Corporation\PhysX\Common;C:\Program Files\Git\cmd;C:\Program Files\PuTTY\;C:\Program Files\Java\jdk-13.0.2\bin;C:\Program Files\Java\jdk-13.0.2\bin;C:\Users\Admin\AppData\Local\Programs\Python\Python37\Scripts\;C:\Users\Admin\AppData\Local\Programs\Python\Python37\;C:\ProgramData\Oracle\Java\javapath;C:\WINDOWS\system32;C:\WINDOWS;C:\WINDOWS\System32\Wbem;C:\WINDOWS\System32\WindowsPowerShell\v1.0\;C:\WINDOWS\System32\OpenSSH\;C:\Program Files (x86)\NVIDIA Corporation\PhysX\Common;C:\Program Files\Git\cmd;C:\Program Files\PuTTY\;C:\Users\Admin\AppData\Local\Microsoft\WindowsApps;C:\Python37\Scripts;C:\Users\Admin\Downloads\ffmpeg-20200323-ba698a2-win64-static\bin;C:\Program Files (x86)\Graphviz2.38\bin;;C:\Users\Admin\Desktop;
USERNAME=Admin
OS=Windows_NT
PROCESSOR_IDENTIFIER=Intel64 Family 6 Model 78 Stepping 3, GenuineIntel



---------------  S Y S T E M  ---------------

OS: Windows 10 , 64 bit Build 18362 (10.0.18362.778)

CPU:total 4 (initial active 4) (2 cores per cpu, 2 threads per core) family 6 model 78 stepping 3, cmov, cx8, fxsr, mmx, sse, sse2, sse3, ssse3, sse4.1, sse4.2, popcnt, avx, avx2, aes, clmul, erms, rtm, 3dnowpref, lzcnt, ht, tsc, tscinvbit, bmi1, bmi2, adx, fma

Memory: 4k page, system-wide physical 3520M (97M free)
TotalPageFile size 14272M (AvailPageFile size 3M)
current process WorkingSet (physical memory assigned to process): 116M, peak: 116M
current process commit charge ("private bytes"): 188M, peak: 189M

vm_info: Java HotSpot(TM) 64-Bit Server VM (13.0.2+8) for windows-amd64 JRE (13.0.2+8), built on Dec 11 2019 09:20:33 by "mach5one" with unknown MS VC++:1916

END.
