#
# There is insufficient memory for the Java Runtime Environment to continue.
# Native memory allocation (mmap) failed to map 5242880 bytes for Failed to commit area from 0x00000000cc700000 to 0x00000000ccc00000 of length 5242880.
# Possible reasons:
#   The system is out of physical RAM or swap space
#   The process is running with CompressedOops enabled, and the Java Heap may be blocking the growth of the native heap
# Possible solutions:
#   Reduce memory load on the system
#   Increase physical memory or swap space
#   Check if swap backing store is full
#   Decrease Java heap size (-Xmx/-Xms)
#   Decrease number of Java threads
#   Decrease Java thread stack sizes (-Xss)
#   Set larger code cache with -XX:ReservedCodeCacheSize=
#   JVM is running with Unscaled Compressed Oops mode in which the Java heap is
#     placed in the first 4GB address space. The Java Heap base address is the
#     maximum limit for the native heap growth. Please use -XX:HeapBaseMinAddress
#     to set the Java Heap base and to place the Java Heap above 4GB virtual address.
# This output file may be truncated or incomplete.
#
#  Out of Memory Error (t:/workspace/open/src/hotspot/os/windows/os_windows.cpp:3301), pid=9728, tid=4152
#
# JRE version: Java(TM) SE Runtime Environment (13.0.2+8) (build 13.0.2+8)
# Java VM: Java HotSpot(TM) 64-Bit Server VM (13.0.2+8, mixed mode, sharing, tiered, compressed oops, g1 gc, windows-amd64)
# No core dump will be written. Minidumps are not enabled by default on client versions of Windows
#

---------------  S U M M A R Y ------------

Command Line: --module-path=C:\Program Files\Java\javafx-sdk-11.0.2\lib --add-modules=javafx.controls,javafx.fxml -Dfile.encoding=MS874 application.MainApp

Host: Intel(R) Core(TM) i3-6100U CPU @ 2.30GHz, 4 cores, 3G,  Windows 10 , 64 bit Build 18362 (10.0.18362.778)
Time: Wed Apr 22 22:10:33 2020 SE Asia Standard Time elapsed time: 1 seconds (0d 0h 0m 1s)

---------------  T H R E A D  ---------------

Current thread (0x0000019bfa5b1800):  VMThread "VM Thread" [stack: 0x00000001d5900000,0x00000001d5a00000] [id=4152]

Stack: [0x00000001d5900000,0x00000001d5a00000]
[error occurred during error reporting (printing stack bounds), id 0xc0000005, EXCEPTION_ACCESS_VIOLATION (0xc0000005) at pc=0x0000019b800010ad]

Native frames: (J=compiled Java code, j=interpreted, Vv=VM code, C=native code)
V  [jvm.dll+0x624f9a]
V  [jvm.dll+0x770cfa]
V  [jvm.dll+0x7724af]
V  [jvm.dll+0x772a15]
V  [jvm.dll+0x7729cb]
V  [jvm.dll+0x6244df]
C  [ntdll.dll+0x785b6]
C  [ntdll.dll+0x6a056]
C  [ntdll.dll+0x9fe3e]
C  0x0000019b800010ad

VM_Operation (0x00000001d55ff7b0): G1Concurrent, mode: safepoint, requested by thread 0x0000019bed284000


---------------  P R O C E S S  ---------------

Threads class SMR info:
_java_thread_list=0x0000019bfbf83da0, length=15, elements={
0x0000019bed24c800, 0x0000019bfa5b2800, 0x0000019bfa5b7800, 0x0000019bfa5d4800,
0x0000019bfa5d5000, 0x0000019bfa5da000, 0x0000019bfa5e8800, 0x0000019bfa5f2000,
0x0000019bfa59c800, 0x0000019bfad2f000, 0x0000019bfb2fe800, 0x0000019bfb7b1000,
0x0000019bfb1ba000, 0x0000019bfbf80800, 0x0000019bfbfb8800
}

Java Threads: ( => current thread )
  0x0000019bed24c800 JavaThread "main" [_thread_blocked, id=9608, stack(0x00000001d5300000,0x00000001d5400000)]
  0x0000019bfa5b2800 JavaThread "Reference Handler" daemon [_thread_blocked, id=6792, stack(0x00000001d5a00000,0x00000001d5b00000)]
  0x0000019bfa5b7800 JavaThread "Finalizer" daemon [_thread_blocked, id=2564, stack(0x00000001d5b00000,0x00000001d5c00000)]
  0x0000019bfa5d4800 JavaThread "Signal Dispatcher" daemon [_thread_blocked, id=9400, stack(0x00000001d5c00000,0x00000001d5d00000)]
  0x0000019bfa5d5000 JavaThread "Attach Listener" daemon [_thread_blocked, id=9864, stack(0x00000001d5d00000,0x00000001d5e00000)]
  0x0000019bfa5da000 JavaThread "C2 CompilerThread0" daemon [_thread_blocked, id=6400, stack(0x00000001d5e00000,0x00000001d5f00000)]
  0x0000019bfa5e8800 JavaThread "C1 CompilerThread0" daemon [_thread_blocked, id=7508, stack(0x00000001d5f00000,0x00000001d6000000)]
  0x0000019bfa5f2000 JavaThread "Sweeper thread" daemon [_thread_blocked, id=10128, stack(0x00000001d6000000,0x00000001d6100000)]
  0x0000019bfa59c800 JavaThread "Common-Cleaner" daemon [_thread_blocked, id=9724, stack(0x00000001d6100000,0x00000001d6200000)]
  0x0000019bfad2f000 JavaThread "Service Thread" daemon [_thread_blocked, id=5064, stack(0x00000001d6300000,0x00000001d6400000)]
  0x0000019bfb2fe800 JavaThread "QuantumRenderer-0" daemon [_thread_blocked, id=7460, stack(0x00000001d6500000,0x00000001d6600000)]
  0x0000019bfb7b1000 JavaThread "InvokeLaterDispatcher" daemon [_thread_blocked, id=9840, stack(0x00000001d6700000,0x00000001d6800000)]
  0x0000019bfb1ba000 JavaThread "JavaFX Application Thread" [_thread_blocked, id=1740, stack(0x00000001d6800000,0x00000001d6900000)]
  0x0000019bfbf80800 JavaThread "JavaFX-Launcher" [_thread_blocked, id=2980, stack(0x00000001d6e00000,0x00000001d6f00000)]
  0x0000019bfbfb8800 JavaThread "Thread-2" daemon [_thread_blocked, id=9888, stack(0x00000001d6d00000,0x00000001d6e00000)]

Other Threads:
=>0x0000019bfa5b1800 VMThread "VM Thread" [stack: 0x00000001d5900000,0x00000001d5a00000] [id=4152]
  0x0000019bfafb4800 WatcherThread [stack: 0x00000001d6400000,0x00000001d6500000] [id=6236]
  0x0000019bed27b800 GCTaskThread "GC Thread#0" [stack: 0x00000001d5400000,0x00000001d5500000] [id=836]
  0x0000019bfabb9800 GCTaskThread "GC Thread#1" [stack: 0x00000001d6a00000,0x00000001d6b00000] [id=5020]
  0x0000019bfabbe800 GCTaskThread "GC Thread#2" [stack: 0x00000001d6b00000,0x00000001d6c00000] [id=7356]
  0x0000019bfabbc800 GCTaskThread "GC Thread#3" [stack: 0x00000001d6c00000,0x00000001d6d00000] [id=7804]
  0x0000019bed284000 ConcurrentGCThread "G1 Main Marker" [stack: 0x00000001d5500000,0x00000001d5600000] [id=7588]
  0x0000019bed28a000 ConcurrentGCThread "G1 Conc#0" [stack: 0x00000001d5600000,0x00000001d5700000] [id=5112]
  0x0000019bed2d2800 ConcurrentGCThread "G1 Refine#0" [stack: 0x00000001d5700000,0x00000001d5800000] [id=7416]
  0x0000019bed2d3000 ConcurrentGCThread "G1 Young RemSet Sampling" [stack: 0x00000001d5800000,0x00000001d5900000] [id=4708]

Threads with active compile tasks:

VM state:at safepoint (normal execution)

VM Mutex/Monitor currently owned by a thread:  ([mutex/lock_event])
[0x0000019bed24a220] Threads_lock - owner thread: 0x0000019bfa5b1800
[0x0000019bed2483c0] Heap_lock - owner thread: 0x0000019bed284000

Heap address: 0x00000000c8e00000, size: 882 MB, Compressed Oops mode: 32-bit
Narrow klass base: 0x0000000800000000, Narrow klass shift: 3
Compressed class space size: 1073741824 Address: 0x0000000800b40000

Heap:
 garbage-first heap   total 63488K, used 35695K [0x00000000c8e00000, 0x0000000100000000)
  region size 1024K, 2 young (2048K), 1 survivors (1024K)
 Metaspace       used 5235K, capacity 8089K, committed 8192K, reserved 1056768K
  class space    used 649K, capacity 962K, committed 1024K, reserved 1048576K
Heap Regions: E=young(eden), S=young(survivor), O=old, HS=humongous(starts), HC=humongous(continues), CS=collection set, F=free, A=archive, TAMS=top-at-mark-start (previous, next)
|   0|0x00000000c8e00000, 0x00000000c8f00000, 0x00000000c8f00000|100%| O|  |TAMS 0x00000000c8f00000, 0x00000000c8e00000| Updating 
|   1|0x00000000c8f00000, 0x00000000c9000000, 0x00000000c9000000|100%|HS|  |TAMS 0x00000000c9000000, 0x00000000c8f00000| Complete 
|   2|0x00000000c9000000, 0x00000000c9100000, 0x00000000c9100000|100%|HC|  |TAMS 0x00000000c9100000, 0x00000000c9000000| Complete 
|   3|0x00000000c9100000, 0x00000000c9200000, 0x00000000c9200000|100%|HC|  |TAMS 0x00000000c9200000, 0x00000000c9100000| Complete 
|   4|0x00000000c9200000, 0x00000000c9300000, 0x00000000c9300000|100%| O|  |TAMS 0x00000000c9300000, 0x00000000c9200000| Updating 
|   5|0x00000000c9300000, 0x00000000c9400000, 0x00000000c9400000|100%|HS|  |TAMS 0x00000000c9400000, 0x00000000c9300000| Complete 
|   6|0x00000000c9400000, 0x00000000c9500000, 0x00000000c9500000|100%|HC|  |TAMS 0x00000000c9500000, 0x00000000c9400000| Complete 
|   7|0x00000000c9500000, 0x00000000c9600000, 0x00000000c9600000|100%|HC|  |TAMS 0x00000000c9600000, 0x00000000c9500000| Complete 
|   8|0x00000000c9600000, 0x00000000c9700000, 0x00000000c9700000|100%|HS|  |TAMS 0x00000000c9700000, 0x00000000c9600000| Complete 
|   9|0x00000000c9700000, 0x00000000c9800000, 0x00000000c9800000|100%|HC|  |TAMS 0x00000000c9800000, 0x00000000c9700000| Complete 
|  10|0x00000000c9800000, 0x00000000c9900000, 0x00000000c9900000|100%|HC|  |TAMS 0x00000000c9900000, 0x00000000c9800000| Complete 
|  11|0x00000000c9900000, 0x00000000c9a00000, 0x00000000c9a00000|100%|HS|  |TAMS 0x00000000c9a00000, 0x00000000c9900000| Complete 
|  12|0x00000000c9a00000, 0x00000000c9b00000, 0x00000000c9b00000|100%|HS|  |TAMS 0x00000000c9b00000, 0x00000000c9a00000| Complete 
|  13|0x00000000c9b00000, 0x00000000c9c00000, 0x00000000c9c00000|100%|HC|  |TAMS 0x00000000c9c00000, 0x00000000c9b00000| Complete 
|  14|0x00000000c9c00000, 0x00000000c9d00000, 0x00000000c9d00000|100%|HC|  |TAMS 0x00000000c9d00000, 0x00000000c9c00000| Complete 
|  15|0x00000000c9d00000, 0x00000000c9e00000, 0x00000000c9e00000|100%|HS|  |TAMS 0x00000000c9e00000, 0x00000000c9d00000| Complete 
|  16|0x00000000c9e00000, 0x00000000c9f00000, 0x00000000c9f00000|100%|HC|  |TAMS 0x00000000c9f00000, 0x00000000c9e00000| Complete 
|  17|0x00000000c9f00000, 0x00000000ca000000, 0x00000000ca000000|100%|HC|  |TAMS 0x00000000ca000000, 0x00000000c9f00000| Complete 
|  18|0x00000000ca000000, 0x00000000ca100000, 0x00000000ca100000|100%|HS|  |TAMS 0x00000000ca100000, 0x00000000ca000000| Complete 
|  19|0x00000000ca100000, 0x00000000ca200000, 0x00000000ca200000|100%|HC|  |TAMS 0x00000000ca200000, 0x00000000ca100000| Complete 
|  20|0x00000000ca200000, 0x00000000ca300000, 0x00000000ca300000|100%|HC|  |TAMS 0x00000000ca300000, 0x00000000ca200000| Complete 
|  21|0x00000000ca300000, 0x00000000ca400000, 0x00000000ca400000|100%|HS|  |TAMS 0x00000000ca400000, 0x00000000ca300000| Complete 
|  22|0x00000000ca400000, 0x00000000ca500000, 0x00000000ca500000|100%|HC|  |TAMS 0x00000000ca500000, 0x00000000ca400000| Complete 
|  23|0x00000000ca500000, 0x00000000ca600000, 0x00000000ca600000|100%|HC|  |TAMS 0x00000000ca600000, 0x00000000ca500000| Complete 
|  24|0x00000000ca600000, 0x00000000ca700000, 0x00000000ca700000|100%| O|  |TAMS 0x00000000ca700000, 0x00000000ca600000| Updating 
|  25|0x00000000ca700000, 0x00000000ca7d3a00, 0x00000000ca800000| 82%| O|  |TAMS 0x00000000ca7d3a00, 0x00000000ca700000| Updating 
|  26|0x00000000ca800000, 0x00000000ca900000, 0x00000000ca900000|100%|HS|  |TAMS 0x00000000ca900000, 0x00000000ca800000| Complete 
|  27|0x00000000ca900000, 0x00000000caa00000, 0x00000000caa00000|100%|HC|  |TAMS 0x00000000caa00000, 0x00000000ca900000| Complete 
|  28|0x00000000caa00000, 0x00000000cab00000, 0x00000000cab00000|100%|HC|  |TAMS 0x00000000cab00000, 0x00000000caa00000| Complete 
|  29|0x00000000cab00000, 0x00000000cac00000, 0x00000000cac00000|100%|HS|  |TAMS 0x00000000cac00000, 0x00000000cab00000| Complete 
|  30|0x00000000cac00000, 0x00000000cad00000, 0x00000000cad00000|100%|HC|  |TAMS 0x00000000cad00000, 0x00000000cac00000| Complete 
|  31|0x00000000cad00000, 0x00000000cae00000, 0x00000000cae00000|100%|HC|  |TAMS 0x00000000cae00000, 0x00000000cad00000| Complete 
|  32|0x00000000cae00000, 0x00000000caf00000, 0x00000000caf00000|100%|HS|  |TAMS 0x00000000cae00000, 0x00000000cae00000| Complete 
|  33|0x00000000caf00000, 0x00000000cb000000, 0x00000000cb000000|100%|HC|  |TAMS 0x00000000caf00000, 0x00000000caf00000| Complete 
|  34|0x00000000cb000000, 0x00000000cb100000, 0x00000000cb100000|100%|HC|  |TAMS 0x00000000cb000000, 0x00000000cb000000| Complete 
|  35|0x00000000cb100000, 0x00000000cb100000, 0x00000000cb200000|  0%| F|  |TAMS 0x00000000cb100000, 0x00000000cb100000| Untracked 
|  36|0x00000000cb200000, 0x00000000cb200000, 0x00000000cb300000|  0%| F|  |TAMS 0x00000000cb200000, 0x00000000cb200000| Untracked 
|  37|0x00000000cb300000, 0x00000000cb300000, 0x00000000cb400000|  0%| F|  |TAMS 0x00000000cb300000, 0x00000000cb300000| Untracked 
|  38|0x00000000cb400000, 0x00000000cb400000, 0x00000000cb500000|  0%| F|  |TAMS 0x00000000cb400000, 0x00000000cb400000| Untracked 
|  39|0x00000000cb500000, 0x00000000cb500000, 0x00000000cb600000|  0%| F|  |TAMS 0x00000000cb500000, 0x00000000cb500000| Untracked 
|  40|0x00000000cb600000, 0x00000000cb600000, 0x00000000cb700000|  0%| F|  |TAMS 0x00000000cb600000, 0x00000000cb600000| Untracked 
|  41|0x00000000cb700000, 0x00000000cb700000, 0x00000000cb800000|  0%| F|  |TAMS 0x00000000cb700000, 0x00000000cb700000| Untracked 
|  42|0x00000000cb800000, 0x00000000cb800000, 0x00000000cb900000|  0%| F|  |TAMS 0x00000000cb800000, 0x00000000cb800000| Untracked 
|  43|0x00000000cb900000, 0x00000000cb900000, 0x00000000cba00000|  0%| F|  |TAMS 0x00000000cb900000, 0x00000000cb900000| Untracked 
|  44|0x00000000cba00000, 0x00000000cba00000, 0x00000000cbb00000|  0%| F|  |TAMS 0x00000000cba00000, 0x00000000cba00000| Untracked 
|  45|0x00000000cbb00000, 0x00000000cbb00000, 0x00000000cbc00000|  0%| F|  |TAMS 0x00000000cbb00000, 0x00000000cbb00000| Untracked 
|  46|0x00000000cbc00000, 0x00000000cbc00000, 0x00000000cbd00000|  0%| F|  |TAMS 0x00000000cbc00000, 0x00000000cbc00000| Untracked 
|  47|0x00000000cbd00000, 0x00000000cbd00000, 0x00000000cbe00000|  0%| F|  |TAMS 0x00000000cbd00000, 0x00000000cbd00000| Untracked 
|  48|0x00000000cbe00000, 0x00000000cbe00000, 0x00000000cbf00000|  0%| F|  |TAMS 0x00000000cbe00000, 0x00000000cbe00000| Untracked 
|  49|0x00000000cbf00000, 0x00000000cbf00000, 0x00000000cc000000|  0%| F|  |TAMS 0x00000000cbf00000, 0x00000000cbf00000| Untracked 
|  50|0x00000000cc000000, 0x00000000cc000000, 0x00000000cc100000|  0%| F|  |TAMS 0x00000000cc000000, 0x00000000cc000000| Untracked 
|  51|0x00000000cc100000, 0x00000000cc100000, 0x00000000cc200000|  0%| F|  |TAMS 0x00000000cc100000, 0x00000000cc100000| Untracked 
|  52|0x00000000cc200000, 0x00000000cc200000, 0x00000000cc300000|  0%| F|  |TAMS 0x00000000cc200000, 0x00000000cc200000| Untracked 
|  53|0x00000000cc300000, 0x00000000cc300000, 0x00000000cc400000|  0%| F|  |TAMS 0x00000000cc300000, 0x00000000cc300000| Untracked 
|  54|0x00000000cc400000, 0x00000000cc400000, 0x00000000cc500000|  0%| F|  |TAMS 0x00000000cc400000, 0x00000000cc400000| Untracked 
|  55|0x00000000cc500000, 0x00000000cc51d478, 0x00000000cc600000| 11%| E|  |TAMS 0x00000000cc500000, 0x00000000cc500000| Complete 
|  56|0x00000000cc600000, 0x00000000cc6084f8, 0x00000000cc700000|  3%| S|CS|TAMS 0x00000000cc600000, 0x00000000cc600000| Complete 

Card table byte_map: [0x0000019bf5910000,0x0000019bf5ad0000] _byte_map_base: 0x0000019bf52c9000

Marking Bits (Prev, Next): (CMBitMap*) 0x0000019bed27c6c8, (CMBitMap*) 0x0000019bed27c708
 Prev Bits: [0x0000019bf5c90000, 0x0000019bf6a58000)
 Next Bits: [0x0000019bf6a60000, 0x0000019bf7828000)

Polling page: 0x0000019beb1a0000

Metaspace:

Usage:
  Non-class:      6.96 MB capacity,     4.48 MB ( 64%) used,     2.46 MB ( 35%) free+waste,    19.81 KB ( <1%) overhead. 
      Class:    962.00 KB capacity,   649.89 KB ( 68%) used,   301.36 KB ( 31%) free+waste,    10.75 KB (  1%) overhead. 
       Both:      7.90 MB capacity,     5.11 MB ( 65%) used,     2.76 MB ( 35%) free+waste,    30.56 KB ( <1%) overhead. 

Virtual space:
  Non-class space:        8.00 MB reserved,       7.00 MB ( 88%) committed 
      Class space:        1.00 GB reserved,       1.00 MB ( <1%) committed 
             Both:        1.01 GB reserved,       8.00 MB ( <1%) committed 

Chunk freelists:
   Non-Class:  41.00 KB
       Class:  30.00 KB
        Both:  71.00 KB

MaxMetaspaceSize: 17179869184.00 GB
CompressedClassSpaceSize: 1.00 GB

CodeHeap 'non-profiled nmethods': size=120000Kb used=350Kb max_used=350Kb free=119649Kb
 bounds [0x0000019b87ad0000, 0x0000019b87d40000, 0x0000019b8f000000]
CodeHeap 'profiled nmethods': size=120000Kb used=1582Kb max_used=1582Kb free=118417Kb
 bounds [0x0000019b805a0000, 0x0000019b80810000, 0x0000019b87ad0000]
CodeHeap 'non-nmethods': size=5760Kb used=1226Kb max_used=1243Kb free=4533Kb
 bounds [0x0000019b80000000, 0x0000019b80270000, 0x0000019b805a0000]
 total_blobs=1964 nmethods=956 adapters=401
 compilation: enabled
              stopped_count=0, restarted_count=0
 full_count=0

Compilation events (20 events):
Event: 1.304 Thread 0x0000019bfa5e8800  947       1       java.util.ArrayList::size (5 bytes)
Event: 1.304 Thread 0x0000019bfa5e8800 nmethod 947 0x0000019b87b24f90 code [0x0000019b87b25120, 0x0000019b87b25258]
Event: 1.304 Thread 0x0000019bfa5e8800  948       3       java.io.File::<init> (47 bytes)
Event: 1.304 Thread 0x0000019bfa5e8800 nmethod 948 0x0000019b80727210 code [0x0000019b80727400, 0x0000019b80727830]
Event: 1.325 Thread 0x0000019bfa5e8800  949       3       java.io.WinNTFileSystem::normalize (224 bytes)
Event: 1.327 Thread 0x0000019bfa5e8800 nmethod 949 0x0000019b80727990 code [0x0000019b80727da0, 0x0000019b80729b60]
Event: 1.345 Thread 0x0000019bfa5da000  950       4       jdk.internal.jimage.ImageLocation::decompress (153 bytes)
Event: 1.345 Thread 0x0000019bfa5e8800  951       3       java.lang.Character::isLetterOrDigit (5 bytes)
Event: 1.346 Thread 0x0000019bfa5e8800 nmethod 951 0x0000019b8072a690 code [0x0000019b8072a860, 0x0000019b8072abe0]
Event: 1.346 Thread 0x0000019bfa5e8800  952       3       java.lang.Character::isLetterOrDigit (19 bytes)
Event: 1.346 Thread 0x0000019bfa5e8800 nmethod 952 0x0000019b8072ad10 code [0x0000019b8072aee0, 0x0000019b8072b200]
Event: 1.351 Thread 0x0000019bfa5da000 nmethod 950 0x0000019b87b25310 code [0x0000019b87b254a0, 0x0000019b87b25858]
Event: 1.362 Thread 0x0000019bfa5da000  953       4       com.sun.javafx.iio.common.ImageLoaderImpl::updateImageProgress (90 bytes)
Event: 1.376 Thread 0x0000019bfa5da000 nmethod 953 0x0000019b87b25b10 code [0x0000019b87b25cc0, 0x0000019b87b262f8]
Event: 1.376 Thread 0x0000019bfa5da000  954       4       com.sun.javafx.iio.jpeg.JPEGImageLoader::updateImageProgress (16 bytes)
Event: 1.393 Thread 0x0000019bfa5da000 nmethod 954 0x0000019b87b26710 code [0x0000019b87b268e0, 0x0000019b87b26ef8]
Event: 1.409 Thread 0x0000019bfa5da000  955       4       java.nio.Buffer::position (55 bytes)
Event: 1.410 Thread 0x0000019bfa5e8800  956       3       java.lang.Character::toLowerCase (6 bytes)
Event: 1.410 Thread 0x0000019bfa5e8800 nmethod 956 0x0000019b8072b310 code [0x0000019b8072b4e0, 0x0000019b8072b7a0]
Event: 1.410 Thread 0x0000019bfa5da000 nmethod 955 0x0000019b87b27310 code [0x0000019b87b274a0, 0x0000019b87b27578]

GC Heap History (10 events):
Event: 0.785 GC heap before
{Heap before GC invocations=0 (full 0):
 garbage-first heap   total 57344K, used 13312K [0x00000000c8e00000, 0x0000000100000000)
  region size 1024K, 14 young (14336K), 0 survivors (0K)
 Metaspace       used 3427K, capacity 6596K, committed 6656K, reserved 1056768K
  class space    used 384K, capacity 718K, committed 768K, reserved 1048576K
}
Event: 0.790 GC heap after
{Heap after GC invocations=1 (full 0):
 garbage-first heap   total 57344K, used 2218K [0x00000000c8e00000, 0x0000000100000000)
  region size 1024K, 2 young (2048K), 2 survivors (2048K)
 Metaspace       used 3427K, capacity 6596K, committed 6656K, reserved 1056768K
  class space    used 384K, capacity 718K, committed 768K, reserved 1048576K
}
Event: 1.355 GC heap before
{Heap before GC invocations=1 (full 0):
 garbage-first heap   total 57344K, used 33962K [0x00000000c8e00000, 0x0000000100000000)
  region size 1024K, 11 young (11264K), 2 survivors (2048K)
 Metaspace       used 5234K, capacity 8089K, committed 8192K, reserved 1056768K
  class space    used 649K, capacity 962K, committed 1024K, reserved 1048576K
}
Event: 1.359 GC heap after
{Heap after GC invocations=2 (full 0):
 garbage-first heap   total 57344K, used 23333K [0x00000000c8e00000, 0x0000000100000000)
  region size 1024K, 4 young (4096K), 4 survivors (4096K)
 Metaspace       used 5234K, capacity 8089K, committed 8192K, reserved 1056768K
  class space    used 649K, capacity 962K, committed 1024K, reserved 1048576K
}
Event: 1.387 GC heap before
{Heap before GC invocations=3 (full 0):
 garbage-first heap   total 57344K, used 26405K [0x00000000c8e00000, 0x0000000100000000)
  region size 1024K, 5 young (5120K), 4 survivors (4096K)
 Metaspace       used 5234K, capacity 8089K, committed 8192K, reserved 1056768K
  class space    used 649K, capacity 962K, committed 1024K, reserved 1048576K
}
Event: 1.393 GC heap after
{Heap after GC invocations=4 (full 0):
 garbage-first heap   total 57344K, used 26684K [0x00000000c8e00000, 0x0000000100000000)
  region size 1024K, 1 young (1024K), 1 survivors (1024K)
 Metaspace       used 5234K, capacity 8089K, committed 8192K, reserved 1056768K
  class space    used 649K, capacity 962K, committed 1024K, reserved 1048576K
}
Event: 1.421 GC heap before
{Heap before GC invocations=5 (full 0):
 garbage-first heap   total 57344K, used 29756K [0x00000000c8e00000, 0x0000000100000000)
  region size 1024K, 2 young (2048K), 1 survivors (1024K)
 Metaspace       used 5235K, capacity 8089K, committed 8192K, reserved 1056768K
  class space    used 649K, capacity 962K, committed 1024K, reserved 1048576K
}
Event: 1.421 GC heap after
{Heap after GC invocations=6 (full 0):
 garbage-first heap   total 57344K, used 29569K [0x00000000c8e00000, 0x0000000100000000)
  region size 1024K, 1 young (1024K), 1 survivors (1024K)
 Metaspace       used 5235K, capacity 8089K, committed 8192K, reserved 1056768K
  class space    used 649K, capacity 962K, committed 1024K, reserved 1048576K
}
Event: 1.450 GC heap before
{Heap before GC invocations=7 (full 0):
 garbage-first heap   total 58368K, used 32641K [0x00000000c8e00000, 0x0000000100000000)
  region size 1024K, 2 young (2048K), 1 survivors (1024K)
 Metaspace       used 5235K, capacity 8089K, committed 8192K, reserved 1056768K
  class space    used 649K, capacity 962K, committed 1024K, reserved 1048576K
}
Event: 1.451 GC heap after
{Heap after GC invocations=8 (full 0):
 garbage-first heap   total 58368K, used 32623K [0x00000000c8e00000, 0x0000000100000000)
  region size 1024K, 1 young (1024K), 1 survivors (1024K)
 Metaspace       used 5235K, capacity 8089K, committed 8192K, reserved 1056768K
  class space    used 649K, capacity 962K, committed 1024K, reserved 1048576K
}

Deoptimization events (20 events):
Event: 1.192 Thread 0x0000019bfb1ba000 DEOPT PACKING pc=0x0000019b806f991c sp=0x00000001d68fc830
Event: 1.192 Thread 0x0000019bfb1ba000 DEOPT UNPACKING pc=0x0000019b8004964e sp=0x00000001d68fbcc0 mode 0
Event: 1.213 Thread 0x0000019bfb1ba000 DEOPT PACKING pc=0x0000019b807197f2 sp=0x00000001d68fc750
Event: 1.213 Thread 0x0000019bfb1ba000 DEOPT UNPACKING pc=0x0000019b8004964e sp=0x00000001d68fbd08 mode 0
Event: 1.214 Thread 0x0000019bfb1ba000 DEOPT PACKING pc=0x0000019b807197f2 sp=0x00000001d68fc750
Event: 1.214 Thread 0x0000019bfb1ba000 DEOPT UNPACKING pc=0x0000019b8004964e sp=0x00000001d68fbd08 mode 0
Event: 1.214 Thread 0x0000019bfb1ba000 DEOPT PACKING pc=0x0000019b807197f2 sp=0x00000001d68fc750
Event: 1.214 Thread 0x0000019bfb1ba000 DEOPT UNPACKING pc=0x0000019b8004964e sp=0x00000001d68fbd08 mode 0
Event: 1.214 Thread 0x0000019bfb1ba000 DEOPT PACKING pc=0x0000019b807197f2 sp=0x00000001d68fc750
Event: 1.214 Thread 0x0000019bfb1ba000 DEOPT UNPACKING pc=0x0000019b8004964e sp=0x00000001d68fbd08 mode 0
Event: 1.215 Thread 0x0000019bfb1ba000 DEOPT PACKING pc=0x0000019b807197f2 sp=0x00000001d68fc750
Event: 1.215 Thread 0x0000019bfb1ba000 DEOPT UNPACKING pc=0x0000019b8004964e sp=0x00000001d68fbd08 mode 0
Event: 1.215 Thread 0x0000019bfb1ba000 DEOPT PACKING pc=0x0000019b807197f2 sp=0x00000001d68fc750
Event: 1.215 Thread 0x0000019bfb1ba000 DEOPT UNPACKING pc=0x0000019b8004964e sp=0x00000001d68fbd08 mode 0
Event: 1.216 Thread 0x0000019bfb1ba000 DEOPT PACKING pc=0x0000019b807197f2 sp=0x00000001d68fc750
Event: 1.216 Thread 0x0000019bfb1ba000 DEOPT UNPACKING pc=0x0000019b8004964e sp=0x00000001d68fbd08 mode 0
Event: 1.216 Thread 0x0000019bfb1ba000 DEOPT PACKING pc=0x0000019b807197f2 sp=0x00000001d68fc750
Event: 1.216 Thread 0x0000019bfb1ba000 DEOPT UNPACKING pc=0x0000019b8004964e sp=0x00000001d68fbd08 mode 0
Event: 1.246 Thread 0x0000019bfb1ba000 DEOPT PACKING pc=0x0000019b806edff3 sp=0x00000001d68fc6f0
Event: 1.246 Thread 0x0000019bfb1ba000 DEOPT UNPACKING pc=0x0000019b8004964e sp=0x00000001d68fbb58 mode 0

Classes unloaded (0 events):
No events

Classes redefined (0 events):
No events

Internal exceptions (20 events):
Event: 1.194 Thread 0x0000019bfb1ba000 Exception <a 'java/io/FileNotFoundException'{0x00000000cbff1a30}> (0x00000000cbff1a30) 
thrown [t:/workspace/open/src/hotspot/share/prims/jni.cpp, line 598]
Event: 1.220 Thread 0x0000019bfb1ba000 Exception <a 'java/io/FileNotFoundException'{0x00000000cbffb7d8}> (0x00000000cbffb7d8) 
thrown [t:/workspace/open/src/hotspot/share/prims/jni.cpp, line 598]
Event: 1.223 Thread 0x0000019bfb1ba000 Exception <a 'java/io/FileNotFoundException'{0x00000000cbe37808}> (0x00000000cbe37808) 
thrown [t:/workspace/open/src/hotspot/share/prims/jni.cpp, line 598]
Event: 1.231 Thread 0x0000019bfb1ba000 Exception <a 'java/io/FileNotFoundException'{0x00000000cbe517e0}> (0x00000000cbe517e0) 
thrown [t:/workspace/open/src/hotspot/share/prims/jni.cpp, line 598]
Event: 1.233 Thread 0x0000019bfb1ba000 Exception <a 'java/io/FileNotFoundException'{0x00000000cbe6b650}> (0x00000000cbe6b650) 
thrown [t:/workspace/open/src/hotspot/share/prims/jni.cpp, line 598]
Event: 1.236 Thread 0x0000019bfb1ba000 Exception <a 'java/io/FileNotFoundException'{0x00000000cbe86070}> (0x00000000cbe86070) 
thrown [t:/workspace/open/src/hotspot/share/prims/jni.cpp, line 598]
Event: 1.239 Thread 0x0000019bfb1ba000 Exception <a 'java/io/FileNotFoundException'{0x00000000cbea0c18}> (0x00000000cbea0c18) 
thrown [t:/workspace/open/src/hotspot/share/prims/jni.cpp, line 598]
Event: 1.242 Thread 0x0000019bfb1ba000 Exception <a 'java/io/FileNotFoundException'{0x00000000cbebb540}> (0x00000000cbebb540) 
thrown [t:/workspace/open/src/hotspot/share/prims/jni.cpp, line 598]
Event: 1.245 Thread 0x0000019bfb1ba000 Exception <a 'java/io/FileNotFoundException'{0x00000000cbed5ec8}> (0x00000000cbed5ec8) 
thrown [t:/workspace/open/src/hotspot/share/prims/jni.cpp, line 598]
Event: 1.247 Thread 0x0000019bfb1ba000 Exception <a 'java/io/FileNotFoundException'{0x00000000cbef1e10}> (0x00000000cbef1e10) 
thrown [t:/workspace/open/src/hotspot/share/prims/jni.cpp, line 598]
Event: 1.250 Thread 0x0000019bfb1ba000 Exception <a 'java/io/FileNotFoundException'{0x00000000cbefc278}> (0x00000000cbefc278) 
thrown [t:/workspace/open/src/hotspot/share/prims/jni.cpp, line 598]
Event: 1.252 Thread 0x0000019bfb1ba000 Exception <a 'java/io/FileNotFoundException'{0x00000000cbd275d8}> (0x00000000cbd275d8) 
thrown [t:/workspace/open/src/hotspot/share/prims/jni.cpp, line 598]
Event: 1.254 Thread 0x0000019bfb1ba000 Exception <a 'java/io/FileNotFoundException'{0x00000000cbd41b60}> (0x00000000cbd41b60) 
thrown [t:/workspace/open/src/hotspot/share/prims/jni.cpp, line 598]
Event: 1.281 Thread 0x0000019bfb1ba000 Exception <a 'java/io/FileNotFoundException'{0x00000000cbd4c058}> (0x00000000cbd4c058) 
thrown [t:/workspace/open/src/hotspot/share/prims/jni.cpp, line 598]
Event: 1.304 Thread 0x0000019bfb1ba000 Exception <a 'java/io/FileNotFoundException'{0x00000000cbd574f0}> (0x00000000cbd574f0) 
thrown [t:/workspace/open/src/hotspot/share/prims/jni.cpp, line 598]
Event: 1.325 Thread 0x0000019bfb1ba000 Exception <a 'java/io/FileNotFoundException'{0x00000000cbd61448}> (0x00000000cbd61448) 
thrown [t:/workspace/open/src/hotspot/share/prims/jni.cpp, line 598]
Event: 1.346 Thread 0x0000019bfb1ba000 Exception <a 'java/io/FileNotFoundException'{0x00000000cbd6b920}> (0x00000000cbd6b920) 
thrown [t:/workspace/open/src/hotspot/share/prims/jni.cpp, line 598]
Event: 1.377 Thread 0x0000019bfb1ba000 Exception <a 'java/io/FileNotFoundException'{0x00000000cc5042c0}> (0x00000000cc5042c0) 
thrown [t:/workspace/open/src/hotspot/share/prims/jni.cpp, line 598]
Event: 1.410 Thread 0x0000019bfb1ba000 Exception <a 'java/io/FileNotFoundException'{0x00000000cc5048d8}> (0x00000000cc5048d8) 
thrown [t:/workspace/open/src/hotspot/share/prims/jni.cpp, line 598]
Event: 1.442 Thread 0x0000019bfb1ba000 Exception <a 'java/io/FileNotFoundException'{0x00000000cc504a58}> (0x00000000cc504a58) 
thrown [t:/workspace/open/src/hotspot/share/prims/jni.cpp, line 598]

Events (20 events):
Event: 1.421 Executing VM operation: G1CollectForAllocation done
Event: 1.422 Executing VM operation: RevokeBias
Event: 1.426 Executing VM operation: RevokeBias done
Event: 1.426 Executing VM operation: RevokeBias
Event: 1.426 Executing VM operation: RevokeBias done
Event: 1.432 Executing VM operation: G1Concurrent
Event: 1.433 Executing VM operation: G1Concurrent done
Event: 1.433 Executing VM operation: RevokeBias
Event: 1.434 Executing VM operation: RevokeBias done
Event: 1.434 Executing VM operation: RevokeBias
Event: 1.434 Executing VM operation: RevokeBias done
Event: 1.436 Executing VM operation: G1Concurrent
Event: 1.436 Executing VM operation: G1Concurrent done
Event: 1.450 Executing VM operation: G1CollectForAllocation
Event: 1.451 Executing VM operation: G1CollectForAllocation done
Event: 1.451 Executing VM operation: RevokeBias
Event: 1.454 Executing VM operation: RevokeBias done
Event: 1.454 Executing VM operation: RevokeBias
Event: 1.454 Executing VM operation: RevokeBias done
Event: 1.460 Executing VM operation: G1Concurrent


Dynamic libraries:
0x00007ff64a430000 - 0x00007ff64a43f000 	C:\Program Files\Java\jdk-13.0.2\bin\javaw.exe
0x00007ffc4fec0000 - 0x00007ffc500b0000 	C:\WINDOWS\SYSTEM32\ntdll.dll
0x00007ffc4e8b0000 - 0x00007ffc4e962000 	C:\WINDOWS\System32\KERNEL32.DLL
0x00007ffc4db10000 - 0x00007ffc4ddb3000 	C:\WINDOWS\System32\KERNELBASE.dll
0x00007ffc4d5f0000 - 0x00007ffc4d6ea000 	C:\WINDOWS\System32\ucrtbase.dll
0x00007ffc46ca0000 - 0x00007ffc46cb5000 	C:\Program Files\Java\jdk-13.0.2\bin\VCRUNTIME140.dll
0x00007ffc46c60000 - 0x00007ffc46c78000 	C:\Program Files\Java\jdk-13.0.2\bin\jli.dll
0x00007ffc4eaa0000 - 0x00007ffc4eb43000 	C:\WINDOWS\System32\ADVAPI32.dll
0x00007ffc4ea00000 - 0x00007ffc4ea9e000 	C:\WINDOWS\System32\msvcrt.dll
0x00007ffc4f3e0000 - 0x00007ffc4f477000 	C:\WINDOWS\System32\sechost.dll
0x00007ffc4e710000 - 0x00007ffc4e830000 	C:\WINDOWS\System32\RPCRT4.dll
0x00007ffc4f240000 - 0x00007ffc4f3d4000 	C:\WINDOWS\System32\USER32.dll
0x00007ffc4ddc0000 - 0x00007ffc4dde1000 	C:\WINDOWS\System32\win32u.dll
0x00007ffc40530000 - 0x00007ffc407b5000 	C:\WINDOWS\WinSxS\amd64_microsoft.windows.common-controls_6595b64144ccf1df_6.0.18362.778_none_e6c6b761130d4fb8\COMCTL32.dll
0x00007ffc4e9d0000 - 0x00007ffc4e9f6000 	C:\WINDOWS\System32\GDI32.dll
0x00007ffc4ed80000 - 0x00007ffc4f0b6000 	C:\WINDOWS\System32\combase.dll
0x00007ffc4d6f0000 - 0x00007ffc4d884000 	C:\WINDOWS\System32\gdi32full.dll
0x00007ffc4d890000 - 0x00007ffc4d910000 	C:\WINDOWS\System32\bcryptPrimitives.dll
0x00007ffc4d970000 - 0x00007ffc4da0e000 	C:\WINDOWS\System32\msvcp_win.dll
0x00007ffc45fc0000 - 0x00007ffc45fca000 	C:\WINDOWS\SYSTEM32\VERSION.dll
0x00007ffc4f0c0000 - 0x00007ffc4f0ee000 	C:\WINDOWS\System32\IMM32.DLL
0x00007ffc3b750000 - 0x00007ffc3b7eb000 	C:\Program Files\Java\jdk-13.0.2\bin\msvcp140.dll
0x00007ffc13070000 - 0x00007ffc13bcd000 	C:\Program Files\Java\jdk-13.0.2\bin\server\jvm.dll
0x00007ffc4f5e0000 - 0x00007ffc4f5e8000 	C:\WINDOWS\System32\PSAPI.DLL
0x00007ffc46730000 - 0x00007ffc46754000 	C:\WINDOWS\SYSTEM32\WINMM.dll
0x00007ffc46790000 - 0x00007ffc46799000 	C:\WINDOWS\SYSTEM32\WSOCK32.dll
0x0000019bec9b0000 - 0x0000019beca1f000 	C:\WINDOWS\System32\ws2_32.DLL
0x00007ffc46700000 - 0x00007ffc4672d000 	C:\WINDOWS\SYSTEM32\WINMMBASE.dll
0x00007ffc4dac0000 - 0x00007ffc4db0a000 	C:\WINDOWS\System32\cfgmgr32.dll
0x00007ffc4ce30000 - 0x00007ffc4ce41000 	C:\WINDOWS\System32\kernel.appcore.dll
0x00007ffc47a60000 - 0x00007ffc47a70000 	C:\Program Files\Java\jdk-13.0.2\bin\verify.dll
0x00007ffc4b630000 - 0x00007ffc4b824000 	C:\WINDOWS\SYSTEM32\DBGHELP.DLL
0x00007ffc3a5a0000 - 0x00007ffc3a5ca000 	C:\WINDOWS\SYSTEM32\dbgcore.DLL
0x00007ffc467d0000 - 0x00007ffc467f6000 	C:\Program Files\Java\jdk-13.0.2\bin\java.dll
0x00007ffc46840000 - 0x00007ffc46857000 	C:\Program Files\Java\jdk-13.0.2\bin\zip.dll
0x00007ffc46f10000 - 0x00007ffc46f1a000 	C:\Program Files\Java\jdk-13.0.2\bin\jimage.dll
0x00007ffc4e020000 - 0x00007ffc4e705000 	C:\WINDOWS\System32\SHELL32.dll
0x00007ffc4df70000 - 0x00007ffc4e019000 	C:\WINDOWS\System32\shcore.dll
0x00007ffc4ce50000 - 0x00007ffc4d5d0000 	C:\WINDOWS\System32\windows.storage.dll
0x00007ffc4cdb0000 - 0x00007ffc4cdd3000 	C:\WINDOWS\System32\profapi.dll
0x00007ffc4cde0000 - 0x00007ffc4ce2a000 	C:\WINDOWS\System32\powrprof.dll
0x00007ffc4cd80000 - 0x00007ffc4cd90000 	C:\WINDOWS\System32\UMPDC.dll
0x00007ffc4e970000 - 0x00007ffc4e9c2000 	C:\WINDOWS\System32\shlwapi.dll
0x00007ffc4d5d0000 - 0x00007ffc4d5e7000 	C:\WINDOWS\System32\cryptsp.dll
0x00007ffc467b0000 - 0x00007ffc467c9000 	C:\Program Files\Java\jdk-13.0.2\bin\net.dll
0x00007ffc3f6a0000 - 0x00007ffc3f790000 	C:\WINDOWS\SYSTEM32\WINHTTP.dll
0x00007ffc4c5f0000 - 0x00007ffc4c657000 	C:\WINDOWS\system32\mswsock.dll
0x00007ffc459d0000 - 0x00007ffc459e3000 	C:\Program Files\Java\jdk-13.0.2\bin\nio.dll
0x0000019bed1b0000 - 0x0000019bed1b3000 	C:\Program Files\Java\javafx-sdk-11.0.2\bin\api-ms-win-core-console-l1-1-0.dll
0x0000019bed1c0000 - 0x0000019bed1c3000 	C:\Program Files\Java\javafx-sdk-11.0.2\bin\api-ms-win-core-datetime-l1-1-0.dll
0x0000019bed1d0000 - 0x0000019bed1d3000 	C:\Program Files\Java\javafx-sdk-11.0.2\bin\api-ms-win-core-debug-l1-1-0.dll
0x0000019bed1e0000 - 0x0000019bed1e3000 	C:\Program Files\Java\javafx-sdk-11.0.2\bin\api-ms-win-core-errorhandling-l1-1-0.dll
0x0000019bed1f0000 - 0x0000019bed1f4000 	C:\Program Files\Java\javafx-sdk-11.0.2\bin\api-ms-win-core-file-l1-1-0.dll
0x0000019bed200000 - 0x0000019bed203000 	C:\Program Files\Java\javafx-sdk-11.0.2\bin\api-ms-win-core-file-l1-2-0.dll
0x0000019bed210000 - 0x0000019bed213000 	C:\Program Files\Java\javafx-sdk-11.0.2\bin\api-ms-win-core-file-l2-1-0.dll
0x0000019bfc350000 - 0x0000019bfc353000 	C:\Program Files\Java\javafx-sdk-11.0.2\bin\api-ms-win-core-handle-l1-1-0.dll
0x0000019bfc360000 - 0x0000019bfc363000 	C:\Program Files\Java\javafx-sdk-11.0.2\bin\api-ms-win-core-heap-l1-1-0.dll
0x0000019bfc370000 - 0x0000019bfc373000 	C:\Program Files\Java\javafx-sdk-11.0.2\bin\api-ms-win-core-interlocked-l1-1-0.dll
0x0000019bfc380000 - 0x0000019bfc383000 	C:\Program Files\Java\javafx-sdk-11.0.2\bin\api-ms-win-core-libraryloader-l1-1-0.dll
0x0000019bfc390000 - 0x0000019bfc393000 	C:\Program Files\Java\javafx-sdk-11.0.2\bin\api-ms-win-core-localization-l1-2-0.dll
0x0000019bfc3a0000 - 0x0000019bfc3a3000 	C:\Program Files\Java\javafx-sdk-11.0.2\bin\api-ms-win-core-memory-l1-1-0.dll
0x0000019bfc3b0000 - 0x0000019bfc3b3000 	C:\Program Files\Java\javafx-sdk-11.0.2\bin\api-ms-win-core-namedpipe-l1-1-0.dll
0x0000019bfc3c0000 - 0x0000019bfc3c3000 	C:\Program Files\Java\javafx-sdk-11.0.2\bin\api-ms-win-core-processenvironment-l1-1-0.dll
0x0000019bfc3d0000 - 0x0000019bfc3d3000 	C:\Program Files\Java\javafx-sdk-11.0.2\bin\api-ms-win-core-processthreads-l1-1-0.dll
0x0000019bfc3e0000 - 0x0000019bfc3e3000 	C:\Program Files\Java\javafx-sdk-11.0.2\bin\api-ms-win-core-processthreads-l1-1-1.dll
0x0000019bfc3f0000 - 0x0000019bfc3f3000 	C:\Program Files\Java\javafx-sdk-11.0.2\bin\api-ms-win-core-profile-l1-1-0.dll
0x0000019bfc400000 - 0x0000019bfc403000 	C:\Program Files\Java\javafx-sdk-11.0.2\bin\api-ms-win-core-rtlsupport-l1-1-0.dll
0x0000019bfc410000 - 0x0000019bfc413000 	C:\Program Files\Java\javafx-sdk-11.0.2\bin\api-ms-win-core-string-l1-1-0.dll
0x0000019bfc530000 - 0x0000019bfc533000 	C:\Program Files\Java\javafx-sdk-11.0.2\bin\api-ms-win-core-synch-l1-1-0.dll
0x0000019bfc540000 - 0x0000019bfc543000 	C:\Program Files\Java\javafx-sdk-11.0.2\bin\api-ms-win-core-synch-l1-2-0.dll
0x0000019bfc420000 - 0x0000019bfc423000 	C:\Program Files\Java\javafx-sdk-11.0.2\bin\api-ms-win-core-sysinfo-l1-1-0.dll
0x0000019bfc430000 - 0x0000019bfc433000 	C:\Program Files\Java\javafx-sdk-11.0.2\bin\api-ms-win-core-timezone-l1-1-0.dll
0x0000019bfc440000 - 0x0000019bfc443000 	C:\Program Files\Java\javafx-sdk-11.0.2\bin\api-ms-win-core-util-l1-1-0.dll
0x0000019bfc450000 - 0x0000019bfc453000 	C:\Program Files\Java\javafx-sdk-11.0.2\bin\api-ms-win-crt-conio-l1-1-0.dll
0x0000019bfc460000 - 0x0000019bfc464000 	C:\Program Files\Java\javafx-sdk-11.0.2\bin\api-ms-win-crt-convert-l1-1-0.dll
0x0000019bfc470000 - 0x0000019bfc473000 	C:\Program Files\Java\javafx-sdk-11.0.2\bin\api-ms-win-crt-environment-l1-1-0.dll
0x0000019bfc480000 - 0x0000019bfc483000 	C:\Program Files\Java\javafx-sdk-11.0.2\bin\api-ms-win-crt-filesystem-l1-1-0.dll
0x0000019bfc490000 - 0x0000019bfc493000 	C:\Program Files\Java\javafx-sdk-11.0.2\bin\api-ms-win-crt-heap-l1-1-0.dll
0x0000019bfc4a0000 - 0x0000019bfc4a3000 	C:\Program Files\Java\javafx-sdk-11.0.2\bin\api-ms-win-crt-locale-l1-1-0.dll
0x0000019bfc4b0000 - 0x0000019bfc4b5000 	C:\Program Files\Java\javafx-sdk-11.0.2\bin\api-ms-win-crt-math-l1-1-0.dll
0x0000019bfc4c0000 - 0x0000019bfc4c5000 	C:\Program Files\Java\javafx-sdk-11.0.2\bin\api-ms-win-crt-multibyte-l1-1-0.dll
0x0000019bfc4d0000 - 0x0000019bfc4e0000 	C:\Program Files\Java\javafx-sdk-11.0.2\bin\api-ms-win-crt-private-l1-1-0.dll
0x0000019bfc4e0000 - 0x0000019bfc4e3000 	C:\Program Files\Java\javafx-sdk-11.0.2\bin\api-ms-win-crt-process-l1-1-0.dll
0x0000019bfc4f0000 - 0x0000019bfc4f4000 	C:\Program Files\Java\javafx-sdk-11.0.2\bin\api-ms-win-crt-runtime-l1-1-0.dll
0x0000019bfc500000 - 0x0000019bfc504000 	C:\Program Files\Java\javafx-sdk-11.0.2\bin\api-ms-win-crt-stdio-l1-1-0.dll
0x0000019bfc510000 - 0x0000019bfc514000 	C:\Program Files\Java\javafx-sdk-11.0.2\bin\api-ms-win-crt-string-l1-1-0.dll
0x0000019bfc520000 - 0x0000019bfc523000 	C:\Program Files\Java\javafx-sdk-11.0.2\bin\api-ms-win-crt-time-l1-1-0.dll
0x0000019bfc550000 - 0x0000019bfc553000 	C:\Program Files\Java\javafx-sdk-11.0.2\bin\api-ms-win-crt-utility-l1-1-0.dll
0x00007ffc32d90000 - 0x00007ffc32e8a000 	C:\Program Files\Java\javafx-sdk-11.0.2\bin\ucrtbase.dll
0x00007ffc3ce20000 - 0x00007ffc3ce36000 	C:\Program Files\Java\javafx-sdk-11.0.2\bin\vcruntime140.dll
0x00007ffc3ac40000 - 0x00007ffc3ace6000 	C:\Program Files\Java\javafx-sdk-11.0.2\bin\msvcp140.dll
0x00007ffc32c90000 - 0x00007ffc32ce1000 	C:\Program Files\Java\javafx-sdk-11.0.2\bin\concrt140.dll
0x00007ffc3ac10000 - 0x00007ffc3ac33000 	C:\Program Files\Java\javafx-sdk-11.0.2\bin\prism_d3d.dll
0x00007ffc41710000 - 0x00007ffc418d7000 	C:\WINDOWS\system32\d3d9.dll
0x00007ffc4b290000 - 0x00007ffc4b2bd000 	C:\WINDOWS\SYSTEM32\dwmapi.dll
0x00007ffc4b9f0000 - 0x00007ffc4ba10000 	C:\WINDOWS\SYSTEM32\dxcore.dll
0x00007ffc4ac00000 - 0x00007ffc4ac99000 	C:\WINDOWS\system32\uxtheme.dll
0x00007ffc4ddf0000 - 0x00007ffc4de16000 	C:\WINDOWS\System32\bcrypt.dll
0x00007ffc4de20000 - 0x00007ffc4df69000 	C:\WINDOWS\System32\crypt32.dll
0x00007ffc4cd90000 - 0x00007ffc4cda2000 	C:\WINDOWS\System32\MSASN1.dll
0x00007ffc4d910000 - 0x00007ffc4d96c000 	C:\WINDOWS\System32\WINTRUST.DLL
0x00007ffc4e830000 - 0x00007ffc4e84d000 	C:\WINDOWS\System32\imagehlp.dll
0x00007ffc4c160000 - 0x00007ffc4c193000 	C:\WINDOWS\system32\rsaenh.dll
0x00007ffc4c7c0000 - 0x00007ffc4c7cc000 	C:\WINDOWS\SYSTEM32\CRYPTBASE.dll
0x00007ffc32ee0000 - 0x00007ffc32f25000 	C:\Program Files\Java\javafx-sdk-11.0.2\bin\glass.dll
0x00007ffc4f480000 - 0x00007ffc4f550000 	C:\WINDOWS\System32\COMDLG32.dll
0x00007ffc4fd20000 - 0x00007ffc4fe77000 	C:\WINDOWS\System32\ole32.dll
0x00007ffc4fa60000 - 0x00007ffc4fb24000 	C:\WINDOWS\System32\OLEAUT32.dll
0x00007ffc4f0f0000 - 0x00007ffc4f226000 	C:\WINDOWS\System32\MSCTF.dll
0x00007ffc1df90000 - 0x00007ffc1e07b000 	C:\WINDOWS\System32\DriverStore\FileRepository\nvlti.inf_amd64_8c4b86902036b3c5\nvldumdx.dll
0x00007ffc0d6b0000 - 0x00007ffc0e8d7000 	C:\WINDOWS\System32\DriverStore\FileRepository\nvlti.inf_amd64_8c4b86902036b3c5\nvd3dumx.dll
0x00007ffc0b810000 - 0x00007ffc0d6a3000 	C:\WINDOWS\SYSTEM32\igdumdim64.dll
0x00007ffc4f5f0000 - 0x00007ffc4fa60000 	C:\WINDOWS\System32\SETUPAPI.dll
0x00007ffc41e80000 - 0x00007ffc42cf2000 	C:\WINDOWS\SYSTEM32\igc64.dll
0x00007ffc32d60000 - 0x00007ffc32d8c000 	C:\Program Files\Java\javafx-sdk-11.0.2\bin\javafx_iio.dll

dbghelp: loaded successfully - version: 4.0.5 - missing functions: none
symbol engine: initialized successfully - sym options: 0x614 - pdb path: .;C:\Program Files\Java\jdk-13.0.2\bin;C:\WINDOWS\SYSTEM32;C:\WINDOWS\WinSxS\amd64_microsoft.windows.common-controls_6595b64144ccf1df_6.0.18362.778_none_e6c6b761130d4fb8;C:\Program Files\Java\jdk-13.0.2\bin\server;C:\Program Files\Java\javafx-sdk-11.0.2\bin;C:\WINDOWS\System32\DriverStore\FileRepository\nvlti.inf_amd64_8c4b86902036b3c5

VM Arguments:
jvm_args: --module-path=C:\Program Files\Java\javafx-sdk-11.0.2\lib --add-modules=javafx.controls,javafx.fxml -Dfile.encoding=MS874 
java_command: application.MainApp
java_class_path (initial): C:\Users\Admin\eclipse-workspace\Progmeth_final\bin
Launcher Type: SUN_STANDARD

[Global flags]
     intx CICompilerCount                          = 3                                         {product} {ergonomic}
     uint ConcGCThreads                            = 1                                         {product} {ergonomic}
     uint G1ConcRefinementThreads                  = 4                                         {product} {ergonomic}
   size_t G1HeapRegionSize                         = 1048576                                   {product} {ergonomic}
    uintx GCDrainStackTargetSize                   = 64                                        {product} {ergonomic}
   size_t InitialHeapSize                          = 58720256                                  {product} {ergonomic}
   size_t MarkStackSize                            = 4194304                                   {product} {ergonomic}
   size_t MaxHeapSize                              = 924844032                                 {product} {ergonomic}
   size_t MaxNewSize                               = 554696704                                 {product} {ergonomic}
   size_t MinHeapDeltaBytes                        = 1048576                                   {product} {ergonomic}
   size_t MinHeapSize                              = 8388608                                   {product} {ergonomic}
    uintx NonNMethodCodeHeapSize                   = 5832780                                {pd product} {ergonomic}
    uintx NonProfiledCodeHeapSize                  = 122912730                              {pd product} {ergonomic}
    uintx ProfiledCodeHeapSize                     = 122912730                              {pd product} {ergonomic}
    uintx ReservedCodeCacheSize                    = 251658240                              {pd product} {ergonomic}
     bool SegmentedCodeCache                       = true                                      {product} {ergonomic}
   size_t SoftMaxHeapSize                          = 924844032                              {manageable} {ergonomic}
     bool UseCompressedClassPointers               = true                                 {lp64_product} {ergonomic}
     bool UseCompressedOops                        = true                                 {lp64_product} {ergonomic}
     bool UseG1GC                                  = true                                      {product} {ergonomic}
     bool UseLargePagesIndividualAllocation        = false                                  {pd product} {ergonomic}

Logging:
Log output configuration:
 #0: stdout all=warning uptime,level,tags
 #1: stderr all=off uptime,level,tags

Environment Variables:
JAVA_HOME=C:\Program Files\Java\jdk-13.0.2
PATH=C:/Program Files/Java/jre1.8.0_121/bin/server;C:/Program Files/Java/jre1.8.0_121/bin;C:/Program Files/Java/jre1.8.0_121/lib/amd64;C:\ProgramData\Oracle\Java\javapath;C:\WINDOWS\system32;C:\WINDOWS;C:\WINDOWS\System32\Wbem;C:\WINDOWS\System32\WindowsPowerShell\v1.0\;C:\WINDOWS\System32\OpenSSH\;C:\Program Files (x86)\NVIDIA Corporation\PhysX\Common;C:\Program Files\Git\cmd;C:\Program Files\PuTTY\;C:\Program Files\Java\jdk-13.0.2\bin;C:\Program Files\Java\jdk-13.0.2\bin;C:\Users\Admin\AppData\Local\Programs\Python\Python37\Scripts\;C:\Users\Admin\AppData\Local\Programs\Python\Python37\;C:\ProgramData\Oracle\Java\javapath;C:\WINDOWS\system32;C:\WINDOWS;C:\WINDOWS\System32\Wbem;C:\WINDOWS\System32\WindowsPowerShell\v1.0\;C:\WINDOWS\System32\OpenSSH\;C:\Program Files (x86)\NVIDIA Corporation\PhysX\Common;C:\Program Files\Git\cmd;C:\Program Files\PuTTY\;C:\Users\Admin\AppData\Local\Microsoft\WindowsApps;C:\Python37\Scripts;C:\Users\Admin\Downloads\ffmpeg-20200323-ba698a2-win64-static\bin;C:\Program Files (x86)\Graphviz2.38\bin;;C:\Users\Admin\Desktop;
USERNAME=Admin
OS=Windows_NT
PROCESSOR_IDENTIFIER=Intel64 Family 6 Model 78 Stepping 3, GenuineIntel



---------------  S Y S T E M  ---------------

OS: Windows 10 , 64 bit Build 18362 (10.0.18362.778)

CPU:total 4 (initial active 4) (2 cores per cpu, 2 threads per core) family 6 model 78 stepping 3, cmov, cx8, fxsr, mmx, sse, sse2, sse3, ssse3, sse4.1, sse4.2, popcnt, avx, avx2, aes, clmul, erms, rtm, 3dnowpref, lzcnt, ht, tsc, tscinvbit, bmi1, bmi2, adx, fma

Memory: 4k page, system-wide physical 3520M (569M free)
TotalPageFile size 14272M (AvailPageFile size 8M)
current process WorkingSet (physical memory assigned to process): 130M, peak: 130M
current process commit charge ("private bytes"): 196M, peak: 201M

vm_info: Java HotSpot(TM) 64-Bit Server VM (13.0.2+8) for windows-amd64 JRE (13.0.2+8), built on Dec 11 2019 09:20:33 by "mach5one" with unknown MS VC++:1916

END.
