#
# There is insufficient memory for the Java Runtime Environment to continue.
# Native memory allocation (malloc) failed to allocate 1781456 bytes for Chunk::new
# Possible reasons:
#   The system is out of physical RAM or swap space
#   The process is running with CompressedOops enabled, and the Java Heap may be blocking the growth of the native heap
# Possible solutions:
#   Reduce memory load on the system
#   Increase physical memory or swap space
#   Check if swap backing store is full
#   Decrease Java heap size (-Xmx/-Xms)
#   Decrease number of Java threads
#   Decrease Java thread stack sizes (-Xss)
#   Set larger code cache with -XX:ReservedCodeCacheSize=
#   JVM is running with Unscaled Compressed Oops mode in which the Java heap is
#     placed in the first 4GB address space. The Java Heap base address is the
#     maximum limit for the native heap growth. Please use -XX:HeapBaseMinAddress
#     to set the Java Heap base and to place the Java Heap above 4GB virtual address.
# This output file may be truncated or incomplete.
#
#  Out of Memory Error (t:/workspace/open/src/hotspot/share/memory/arena.cpp:196), pid=8440, tid=11912
#
# JRE version: Java(TM) SE Runtime Environment (13.0.2+8) (build 13.0.2+8)
# Java VM: Java HotSpot(TM) 64-Bit Server VM (13.0.2+8, mixed mode, sharing, tiered, compressed oops, g1 gc, windows-amd64)
# No core dump will be written. Minidumps are not enabled by default on client versions of Windows
#

---------------  S U M M A R Y ------------

Command Line: --module-path=C:\Program Files\Java\javafx-sdk-11.0.2\lib --add-modules=javafx.controls,javafx.fxml -Dfile.encoding=MS874 application.Main

Host: Intel(R) Core(TM) i3-6100U CPU @ 2.30GHz, 4 cores, 3G,  Windows 10 , 64 bit Build 18362 (10.0.18362.778)
Time: Fri Apr 17 13:14:32 2020 SE Asia Standard Time elapsed time: 1 seconds (0d 0h 0m 1s)

---------------  T H R E A D  ---------------

Current thread (0x000001b1f40e3800):  JavaThread "C2 CompilerThread0" daemon [_thread_in_native, id=11912, stack(0x000000667e400000,0x000000667e500000)]


Current CompileTask:
C2:   1127  290       4       java.util.stream.ReferencePipeline$3$1::accept (23 bytes)

Stack: [0x000000667e400000,0x000000667e500000]
Native frames: (J=compiled Java code, j=interpreted, Vv=VM code, C=native code)
V  [jvm.dll+0x624f9a]
V  [jvm.dll+0x770cfa]
V  [jvm.dll+0x7724af]
V  [jvm.dll+0x772ab3]
V  [jvm.dll+0x24bf08]
V  [jvm.dll+0xc1e47]
V  [jvm.dll+0xc23cc]
V  [jvm.dll+0x35c068]
V  [jvm.dll+0x327803]
V  [jvm.dll+0x326bda]
V  [jvm.dll+0x205c27]
V  [jvm.dll+0x204e3f]
V  [jvm.dll+0x189c2c]
V  [jvm.dll+0x213e6d]
V  [jvm.dll+0x2120bb]
V  [jvm.dll+0x736bb6]
V  [jvm.dll+0x72fcaa]
V  [jvm.dll+0x623ea6]
C  [ucrtbase.dll+0x20e72]
C  [KERNEL32.DLL+0x17bd4]
C  [ntdll.dll+0x6ce51]


---------------  P R O C E S S  ---------------

Threads class SMR info:
_java_thread_list=0x000001b1f48d3a70, length=10, elements={
0x000001b1d7d6b000, 0x000001b1f40c1800, 0x000001b1f40c3800, 0x000001b1f40e1800,
0x000001b1f40e2800, 0x000001b1f40e3800, 0x000001b1f4114800, 0x000001b1f415c800,
0x000001b1f40ad000, 0x000001b1f49bd000
}

Java Threads: ( => current thread )
  0x000001b1d7d6b000 JavaThread "main" [_thread_in_vm, id=11880, stack(0x000000667d900000,0x000000667da00000)]
  0x000001b1f40c1800 JavaThread "Reference Handler" daemon [_thread_blocked, id=9180, stack(0x000000667e000000,0x000000667e100000)]
  0x000001b1f40c3800 JavaThread "Finalizer" daemon [_thread_blocked, id=3556, stack(0x000000667e100000,0x000000667e200000)]
  0x000001b1f40e1800 JavaThread "Signal Dispatcher" daemon [_thread_blocked, id=8992, stack(0x000000667e200000,0x000000667e300000)]
  0x000001b1f40e2800 JavaThread "Attach Listener" daemon [_thread_blocked, id=9340, stack(0x000000667e300000,0x000000667e400000)]
=>0x000001b1f40e3800 JavaThread "C2 CompilerThread0" daemon [_thread_in_native, id=11912, stack(0x000000667e400000,0x000000667e500000)]
  0x000001b1f4114800 JavaThread "C1 CompilerThread0" daemon [_thread_blocked, id=9292, stack(0x000000667e500000,0x000000667e600000)]
  0x000001b1f415c800 JavaThread "Sweeper thread" daemon [_thread_blocked, id=11184, stack(0x000000667e600000,0x000000667e700000)]
  0x000001b1f40ad000 JavaThread "Common-Cleaner" daemon [_thread_blocked, id=4376, stack(0x000000667e700000,0x000000667e800000)]
  0x000001b1f49bd000 JavaThread "Service Thread" daemon [_thread_blocked, id=6940, stack(0x000000667e800000,0x000000667e900000)]

Other Threads:
  0x000001b1f40bc800 VMThread "VM Thread" [stack: 0x000000667df00000,0x000000667e000000] [id=8352]
  0x000001b1f48d7000 WatcherThread [stack: 0x000000667e900000,0x000000667ea00000] [id=376]
  0x000001b1d7d9a800 GCTaskThread "GC Thread#0" [stack: 0x000000667da00000,0x000000667db00000] [id=8040]
  0x000001b1d7da3000 ConcurrentGCThread "G1 Main Marker" [stack: 0x000000667db00000,0x000000667dc00000] [id=12248]
  0x000001b1d7da7000 ConcurrentGCThread "G1 Conc#0" [stack: 0x000000667dc00000,0x000000667dd00000] [id=11704]
  0x000001b1d7dea000 ConcurrentGCThread "G1 Refine#0" [stack: 0x000000667dd00000,0x000000667de00000] [id=7188]
  0x000001b1d7deb800 ConcurrentGCThread "G1 Young RemSet Sampling" [stack: 0x000000667de00000,0x000000667df00000] [id=11820]

Threads with active compile tasks:
C2 CompilerThread0     3878  290       4       java.util.stream.ReferencePipeline$3$1::accept (23 bytes)

VM state:not at safepoint (normal execution)

VM Mutex/Monitor currently owned by a thread: None

Heap address: 0x00000000c8e00000, size: 882 MB, Compressed Oops mode: 32-bit
Narrow klass base: 0x0000000800000000, Narrow klass shift: 3
Compressed class space size: 1073741824 Address: 0x0000000800b40000

Heap:
 garbage-first heap   total 57344K, used 7168K [0x00000000c8e00000, 0x0000000100000000)
  region size 1024K, 9 young (9216K), 0 survivors (0K)
 Metaspace       used 1469K, capacity 5047K, committed 5248K, reserved 1056768K
  class space    used 169K, capacity 514K, committed 640K, reserved 1048576K
Heap Regions: E=young(eden), S=young(survivor), O=old, HS=humongous(starts), HC=humongous(continues), CS=collection set, F=free, A=archive, TAMS=top-at-mark-start (previous, next)
|   0|0x00000000c8e00000, 0x00000000c8e00000, 0x00000000c8f00000|  0%| F|  |TAMS 0x00000000c8e00000, 0x00000000c8e00000| Untracked 
|   1|0x00000000c8f00000, 0x00000000c8f00000, 0x00000000c9000000|  0%| F|  |TAMS 0x00000000c8f00000, 0x00000000c8f00000| Untracked 
|   2|0x00000000c9000000, 0x00000000c9000000, 0x00000000c9100000|  0%| F|  |TAMS 0x00000000c9000000, 0x00000000c9000000| Untracked 
|   3|0x00000000c9100000, 0x00000000c9100000, 0x00000000c9200000|  0%| F|  |TAMS 0x00000000c9100000, 0x00000000c9100000| Untracked 
|   4|0x00000000c9200000, 0x00000000c9200000, 0x00000000c9300000|  0%| F|  |TAMS 0x00000000c9200000, 0x00000000c9200000| Untracked 
|   5|0x00000000c9300000, 0x00000000c9300000, 0x00000000c9400000|  0%| F|  |TAMS 0x00000000c9300000, 0x00000000c9300000| Untracked 
|   6|0x00000000c9400000, 0x00000000c9400000, 0x00000000c9500000|  0%| F|  |TAMS 0x00000000c9400000, 0x00000000c9400000| Untracked 
|   7|0x00000000c9500000, 0x00000000c9500000, 0x00000000c9600000|  0%| F|  |TAMS 0x00000000c9500000, 0x00000000c9500000| Untracked 
|   8|0x00000000c9600000, 0x00000000c9600000, 0x00000000c9700000|  0%| F|  |TAMS 0x00000000c9600000, 0x00000000c9600000| Untracked 
|   9|0x00000000c9700000, 0x00000000c9700000, 0x00000000c9800000|  0%| F|  |TAMS 0x00000000c9700000, 0x00000000c9700000| Untracked 
|  10|0x00000000c9800000, 0x00000000c9800000, 0x00000000c9900000|  0%| F|  |TAMS 0x00000000c9800000, 0x00000000c9800000| Untracked 
|  11|0x00000000c9900000, 0x00000000c9900000, 0x00000000c9a00000|  0%| F|  |TAMS 0x00000000c9900000, 0x00000000c9900000| Untracked 
|  12|0x00000000c9a00000, 0x00000000c9a00000, 0x00000000c9b00000|  0%| F|  |TAMS 0x00000000c9a00000, 0x00000000c9a00000| Untracked 
|  13|0x00000000c9b00000, 0x00000000c9b00000, 0x00000000c9c00000|  0%| F|  |TAMS 0x00000000c9b00000, 0x00000000c9b00000| Untracked 
|  14|0x00000000c9c00000, 0x00000000c9c00000, 0x00000000c9d00000|  0%| F|  |TAMS 0x00000000c9c00000, 0x00000000c9c00000| Untracked 
|  15|0x00000000c9d00000, 0x00000000c9d00000, 0x00000000c9e00000|  0%| F|  |TAMS 0x00000000c9d00000, 0x00000000c9d00000| Untracked 
|  16|0x00000000c9e00000, 0x00000000c9e00000, 0x00000000c9f00000|  0%| F|  |TAMS 0x00000000c9e00000, 0x00000000c9e00000| Untracked 
|  17|0x00000000c9f00000, 0x00000000c9f00000, 0x00000000ca000000|  0%| F|  |TAMS 0x00000000c9f00000, 0x00000000c9f00000| Untracked 
|  18|0x00000000ca000000, 0x00000000ca000000, 0x00000000ca100000|  0%| F|  |TAMS 0x00000000ca000000, 0x00000000ca000000| Untracked 
|  19|0x00000000ca100000, 0x00000000ca100000, 0x00000000ca200000|  0%| F|  |TAMS 0x00000000ca100000, 0x00000000ca100000| Untracked 
|  20|0x00000000ca200000, 0x00000000ca200000, 0x00000000ca300000|  0%| F|  |TAMS 0x00000000ca200000, 0x00000000ca200000| Untracked 
|  21|0x00000000ca300000, 0x00000000ca300000, 0x00000000ca400000|  0%| F|  |TAMS 0x00000000ca300000, 0x00000000ca300000| Untracked 
|  22|0x00000000ca400000, 0x00000000ca400000, 0x00000000ca500000|  0%| F|  |TAMS 0x00000000ca400000, 0x00000000ca400000| Untracked 
|  23|0x00000000ca500000, 0x00000000ca500000, 0x00000000ca600000|  0%| F|  |TAMS 0x00000000ca500000, 0x00000000ca500000| Untracked 
|  24|0x00000000ca600000, 0x00000000ca600000, 0x00000000ca700000|  0%| F|  |TAMS 0x00000000ca600000, 0x00000000ca600000| Untracked 
|  25|0x00000000ca700000, 0x00000000ca700000, 0x00000000ca800000|  0%| F|  |TAMS 0x00000000ca700000, 0x00000000ca700000| Untracked 
|  26|0x00000000ca800000, 0x00000000ca800000, 0x00000000ca900000|  0%| F|  |TAMS 0x00000000ca800000, 0x00000000ca800000| Untracked 
|  27|0x00000000ca900000, 0x00000000ca900000, 0x00000000caa00000|  0%| F|  |TAMS 0x00000000ca900000, 0x00000000ca900000| Untracked 
|  28|0x00000000caa00000, 0x00000000caa00000, 0x00000000cab00000|  0%| F|  |TAMS 0x00000000caa00000, 0x00000000caa00000| Untracked 
|  29|0x00000000cab00000, 0x00000000cab00000, 0x00000000cac00000|  0%| F|  |TAMS 0x00000000cab00000, 0x00000000cab00000| Untracked 
|  30|0x00000000cac00000, 0x00000000cac00000, 0x00000000cad00000|  0%| F|  |TAMS 0x00000000cac00000, 0x00000000cac00000| Untracked 
|  31|0x00000000cad00000, 0x00000000cad00000, 0x00000000cae00000|  0%| F|  |TAMS 0x00000000cad00000, 0x00000000cad00000| Untracked 
|  32|0x00000000cae00000, 0x00000000cae00000, 0x00000000caf00000|  0%| F|  |TAMS 0x00000000cae00000, 0x00000000cae00000| Untracked 
|  33|0x00000000caf00000, 0x00000000caf00000, 0x00000000cb000000|  0%| F|  |TAMS 0x00000000caf00000, 0x00000000caf00000| Untracked 
|  34|0x00000000cb000000, 0x00000000cb000000, 0x00000000cb100000|  0%| F|  |TAMS 0x00000000cb000000, 0x00000000cb000000| Untracked 
|  35|0x00000000cb100000, 0x00000000cb100000, 0x00000000cb200000|  0%| F|  |TAMS 0x00000000cb100000, 0x00000000cb100000| Untracked 
|  36|0x00000000cb200000, 0x00000000cb200000, 0x00000000cb300000|  0%| F|  |TAMS 0x00000000cb200000, 0x00000000cb200000| Untracked 
|  37|0x00000000cb300000, 0x00000000cb300000, 0x00000000cb400000|  0%| F|  |TAMS 0x00000000cb300000, 0x00000000cb300000| Untracked 
|  38|0x00000000cb400000, 0x00000000cb400000, 0x00000000cb500000|  0%| F|  |TAMS 0x00000000cb400000, 0x00000000cb400000| Untracked 
|  39|0x00000000cb500000, 0x00000000cb500000, 0x00000000cb600000|  0%| F|  |TAMS 0x00000000cb500000, 0x00000000cb500000| Untracked 
|  40|0x00000000cb600000, 0x00000000cb600000, 0x00000000cb700000|  0%| F|  |TAMS 0x00000000cb600000, 0x00000000cb600000| Untracked 
|  41|0x00000000cb700000, 0x00000000cb700000, 0x00000000cb800000|  0%| F|  |TAMS 0x00000000cb700000, 0x00000000cb700000| Untracked 
|  42|0x00000000cb800000, 0x00000000cb800000, 0x00000000cb900000|  0%| F|  |TAMS 0x00000000cb800000, 0x00000000cb800000| Untracked 
|  43|0x00000000cb900000, 0x00000000cb900000, 0x00000000cba00000|  0%| F|  |TAMS 0x00000000cb900000, 0x00000000cb900000| Untracked 
|  44|0x00000000cba00000, 0x00000000cba00000, 0x00000000cbb00000|  0%| F|  |TAMS 0x00000000cba00000, 0x00000000cba00000| Untracked 
|  45|0x00000000cbb00000, 0x00000000cbb00000, 0x00000000cbc00000|  0%| F|  |TAMS 0x00000000cbb00000, 0x00000000cbb00000| Untracked 
|  46|0x00000000cbc00000, 0x00000000cbc00000, 0x00000000cbd00000|  0%| F|  |TAMS 0x00000000cbc00000, 0x00000000cbc00000| Untracked 
|  47|0x00000000cbd00000, 0x00000000cbd96f78, 0x00000000cbe00000| 58%| E|  |TAMS 0x00000000cbd00000, 0x00000000cbd00000| Complete 
|  48|0x00000000cbe00000, 0x00000000cbf00000, 0x00000000cbf00000|100%| E|CS|TAMS 0x00000000cbe00000, 0x00000000cbe00000| Complete 
|  49|0x00000000cbf00000, 0x00000000cc000000, 0x00000000cc000000|100%| E|  |TAMS 0x00000000cbf00000, 0x00000000cbf00000| Complete 
|  50|0x00000000cc000000, 0x00000000cc100000, 0x00000000cc100000|100%| E|CS|TAMS 0x00000000cc000000, 0x00000000cc000000| Complete 
|  51|0x00000000cc100000, 0x00000000cc200000, 0x00000000cc200000|100%| E|CS|TAMS 0x00000000cc100000, 0x00000000cc100000| Complete 
|  52|0x00000000cc200000, 0x00000000cc300000, 0x00000000cc300000|100%| E|CS|TAMS 0x00000000cc200000, 0x00000000cc200000| Complete 
|  53|0x00000000cc300000, 0x00000000cc400000, 0x00000000cc400000|100%| E|CS|TAMS 0x00000000cc300000, 0x00000000cc300000| Complete 
|  54|0x00000000cc400000, 0x00000000cc500000, 0x00000000cc500000|100%| E|CS|TAMS 0x00000000cc400000, 0x00000000cc400000| Complete 
|  55|0x00000000cc500000, 0x00000000cc600000, 0x00000000cc600000|100%| E|CS|TAMS 0x00000000cc500000, 0x00000000cc500000| Complete 

Card table byte_map: [0x000001b1ef430000,0x000001b1ef5f0000] _byte_map_base: 0x000001b1eede9000

Marking Bits (Prev, Next): (CMBitMap*) 0x000001b1d7d9b878, (CMBitMap*) 0x000001b1d7d9b8b8
 Prev Bits: [0x000001b1ef7b0000, 0x000001b1f0578000)
 Next Bits: [0x000001b1f0580000, 0x000001b1f1348000)

Polling page: 0x000001b1d5c60000

Metaspace:

Usage:
  Non-class:      4.43 MB capacity,     1.27 MB ( 29%) used,     3.15 MB ( 71%) free+waste,     7.31 KB ( <1%) overhead. 
      Class:    514.00 KB capacity,   169.55 KB ( 33%) used,   340.38 KB ( 66%) free+waste,     4.06 KB ( <1%) overhead. 
       Both:      4.93 MB capacity,     1.43 MB ( 29%) used,     3.48 MB ( 71%) free+waste,    11.38 KB ( <1%) overhead. 

Virtual space:
  Non-class space:        8.00 MB reserved,       4.50 MB ( 56%) committed 
      Class space:        1.00 GB reserved,     640.00 KB ( <1%) committed 
             Both:        1.01 GB reserved,       5.13 MB ( <1%) committed 

Chunk freelists:
   Non-Class:  11.00 KB
       Class:  0 bytes
        Both:  11.00 KB

MaxMetaspaceSize: 17179869184.00 GB
CompressedClassSpaceSize: 1.00 GB

CodeHeap 'non-profiled nmethods': size=120000Kb used=132Kb max_used=132Kb free=119867Kb
 bounds [0x000001b1e7d40000, 0x000001b1e7fb0000, 0x000001b1ef270000]
CodeHeap 'profiled nmethods': size=120000Kb used=632Kb max_used=632Kb free=119367Kb
 bounds [0x000001b1e0810000, 0x000001b1e0a80000, 0x000001b1e7d40000]
CodeHeap 'non-nmethods': size=5760Kb used=1132Kb max_used=1132Kb free=4627Kb
 bounds [0x000001b1e0270000, 0x000001b1e04e0000, 0x000001b1e0810000]
 total_blobs=1160 nmethods=444 adapters=283
 compilation: enabled
              stopped_count=0, restarted_count=0
 full_count=0

Compilation events (20 events):
Event: 0.618 Thread 0x000001b1f4114800  377       1       jdk.internal.module.ModuleReferenceImpl::moduleResolution (5 bytes)
Event: 0.618 Thread 0x000001b1f4114800 nmethod 377 0x000001b1e7d5a110 code [0x000001b1e7d5a2a0, 0x000001b1e7d5a3d8]
Event: 0.618 Thread 0x000001b1f4114800  379       3       java.util.ImmutableCollections$SetN::<init> (90 bytes)
Event: 0.620 Thread 0x000001b1f4114800 nmethod 379 0x000001b1e089bd10 code [0x000001b1e089bfe0, 0x000001b1e089d080]
Event: 0.621 Thread 0x000001b1f4114800  380       3       java.util.ImmutableCollections$MapN::get (35 bytes)
Event: 0.621 Thread 0x000001b1f4114800 nmethod 380 0x000001b1e089d610 code [0x000001b1e089d7e0, 0x000001b1e089dbe0]
Event: 0.621 Thread 0x000001b1f4114800  381       3       jdk.internal.module.ModuleBootstrap$2::hasNext (30 bytes)
Event: 0.621 Thread 0x000001b1f4114800 nmethod 381 0x000001b1e089dd10 code [0x000001b1e089dee0, 0x000001b1e089e2a0]
Event: 0.621 Thread 0x000001b1f4114800  382       1       java.lang.Module::getDescriptor (5 bytes)
Event: 0.622 Thread 0x000001b1f4114800 nmethod 382 0x000001b1e7d5a910 code [0x000001b1e7d5aaa0, 0x000001b1e7d5abd8]
Event: 0.622 Thread 0x000001b1f4114800  383       3       jdk.internal.module.ModuleBootstrap$2::next (52 bytes)
Event: 0.622 Thread 0x000001b1f4114800 nmethod 383 0x000001b1e089e390 code [0x000001b1e089e5a0, 0x000001b1e089eb70]
Event: 0.663 Thread 0x000001b1f4114800  386       2       java.lang.AbstractStringBuilder::newCapacity (55 bytes)
Event: 0.663 Thread 0x000001b1f4114800 nmethod 386 0x000001b1e089ed10 code [0x000001b1e089eec0, 0x000001b1e089f0b0]
Event: 0.664 Thread 0x000001b1f4114800  387       2       java.lang.System::getSecurityManager (12 bytes)
Event: 0.664 Thread 0x000001b1f4114800 nmethod 387 0x000001b1e089f190 code [0x000001b1e089f320, 0x000001b1e089f458]
Event: 0.665 Thread 0x000001b1f4114800  388       2       java.lang.System::allowSecurityManager (13 bytes)
Event: 0.665 Thread 0x000001b1f4114800 nmethod 388 0x000001b1e089f510 code [0x000001b1e089f6a0, 0x000001b1e089f7d8]
Event: 0.800 Thread 0x000001b1f4114800  389       2       java.lang.String::substring (58 bytes)
Event: 0.801 Thread 0x000001b1f4114800 nmethod 389 0x000001b1e089f890 code [0x000001b1e089fa60, 0x000001b1e089fdd0]

GC Heap History (0 events):
No events

Deoptimization events (18 events):
Event: 0.467 Thread 0x000001b1d7d6b000 DEOPT PACKING pc=0x000001b1e08718cd sp=0x000000667d9fda80
Event: 0.467 Thread 0x000001b1d7d6b000 DEOPT UNPACKING pc=0x000001b1e02b964e sp=0x000000667d9fced0 mode 0
Event: 0.470 Thread 0x000001b1d7d6b000 DEOPT PACKING pc=0x000001b1e0858ed0 sp=0x000000667d9fda30
Event: 0.470 Thread 0x000001b1d7d6b000 DEOPT UNPACKING pc=0x000001b1e02b964e sp=0x000000667d9fceb8 mode 0
Event: 0.471 Thread 0x000001b1d7d6b000 DEOPT PACKING pc=0x000001b1e0858ed0 sp=0x000000667d9fda30
Event: 0.471 Thread 0x000001b1d7d6b000 DEOPT UNPACKING pc=0x000001b1e02b964e sp=0x000000667d9fceb8 mode 0
Event: 0.471 Thread 0x000001b1d7d6b000 DEOPT PACKING pc=0x000001b1e0858ed0 sp=0x000000667d9fda30
Event: 0.471 Thread 0x000001b1d7d6b000 DEOPT UNPACKING pc=0x000001b1e02b964e sp=0x000000667d9fceb8 mode 0
Event: 0.472 Thread 0x000001b1d7d6b000 DEOPT PACKING pc=0x000001b1e0858ed0 sp=0x000000667d9fda30
Event: 0.472 Thread 0x000001b1d7d6b000 DEOPT UNPACKING pc=0x000001b1e02b964e sp=0x000000667d9fceb8 mode 0
Event: 0.473 Thread 0x000001b1d7d6b000 DEOPT PACKING pc=0x000001b1e0858ed0 sp=0x000000667d9fda30
Event: 0.473 Thread 0x000001b1d7d6b000 DEOPT UNPACKING pc=0x000001b1e02b964e sp=0x000000667d9fceb8 mode 0
Event: 0.475 Thread 0x000001b1d7d6b000 DEOPT PACKING pc=0x000001b1e0858ed0 sp=0x000000667d9fda30
Event: 0.475 Thread 0x000001b1d7d6b000 DEOPT UNPACKING pc=0x000001b1e02b964e sp=0x000000667d9fceb8 mode 0
Event: 0.800 Thread 0x000001b1d7d6b000 Uncommon trap: trap_request=0xffffff45 fr.pc=0x000001b1e7d53c38 relative=0x00000000000004f8
Event: 0.800 Thread 0x000001b1d7d6b000 Uncommon trap: reason=unstable_if action=reinterpret pc=0x000001b1e7d53c38 method=java.lang.String.substring(II)Ljava/lang/String; @ 22 c2
Event: 0.800 Thread 0x000001b1d7d6b000 DEOPT PACKING pc=0x000001b1e7d53c38 sp=0x000000667d9fde40
Event: 0.800 Thread 0x000001b1d7d6b000 DEOPT UNPACKING pc=0x000001b1e02b912f sp=0x000000667d9fde08 mode 2

Classes unloaded (0 events):
No events

Classes redefined (0 events):
No events

Internal exceptions (3 events):
Event: 0.267 Thread 0x000001b1d7d6b000 Exception <a 'sun/nio/fs/WindowsException'{0x00000000cc415dd0}> (0x00000000cc415dd0) 
thrown [t:/workspace/open/src/hotspot/share/prims/jni.cpp, line 598]
Event: 0.267 Thread 0x000001b1d7d6b000 Exception <a 'sun/nio/fs/WindowsException'{0x00000000cc416270}> (0x00000000cc416270) 
thrown [t:/workspace/open/src/hotspot/share/prims/jni.cpp, line 598]
Event: 0.284 Thread 0x000001b1d7d6b000 Exception <a 'java/lang/NoSuchMethodError'{0x00000000cc42fbe8}: 'int java.lang.invoke.DirectMethodHandle$Holder.invokeSpecialIFC(java.lang.Object, java.lang.Object, int)'> (0x00000000cc42fbe8) 
thrown [t:/workspace/open/src/hotspot/share/interpreter/linkResolver.cpp, line 767]

Events (20 events):
Event: 0.511 loading class java/util/stream/ForEachOps done
Event: 0.511 loading class java/util/stream/ForEachOps$ForEachOp$OfRef
Event: 0.512 loading class java/util/stream/ForEachOps$ForEachOp
Event: 0.512 loading class java/util/stream/ForEachOps$ForEachOp done
Event: 0.512 loading class java/util/stream/ForEachOps$ForEachOp$OfRef done
Event: 0.526 loading class java/util/HashMap$ValueSpliterator
Event: 0.554 loading class java/util/HashMap$ValueSpliterator done
Event: 0.581 loading class java/util/LinkedHashSet
Event: 0.582 loading class java/util/LinkedHashSet done
Event: 0.635 loading class jdk/internal/module/ModuleBootstrap$SafeModuleFinder
Event: 0.659 loading class jdk/internal/module/ModuleBootstrap$SafeModuleFinder done
Event: 0.660 Thread 0x000001b1f49bd000 Thread added: 0x000001b1f49bd000
Event: 0.661 Executing VM operation: EnableBiasedLocking
Event: 0.662 Executing VM operation: EnableBiasedLocking done
Event: 0.664 loading class application/Main
Event: 0.664 loading class application/Main done
Event: 0.761 loading class jdk/internal/loader/URLClassPath$FileLoader
Event: 0.800 loading class jdk/internal/loader/URLClassPath$FileLoader done
Event: 0.801 loading class jdk/internal/loader/URLClassPath$FileLoader$1
Event: 0.801 loading class jdk/internal/loader/URLClassPath$FileLoader$1 done


Dynamic libraries:
0x00007ff750b50000 - 0x00007ff750b5f000 	C:\Program Files\Java\jdk-13.0.2\bin\javaw.exe
0x00007ffc0e6e0000 - 0x00007ffc0e8d0000 	C:\WINDOWS\SYSTEM32\ntdll.dll
0x00007ffc0d4f0000 - 0x00007ffc0d5a2000 	C:\WINDOWS\System32\KERNEL32.DLL
0x00007ffc0c280000 - 0x00007ffc0c523000 	C:\WINDOWS\System32\KERNELBASE.dll
0x00007ffc0c0e0000 - 0x00007ffc0c1da000 	C:\WINDOWS\System32\ucrtbase.dll
0x00007ffbfd3d0000 - 0x00007ffbfd3e5000 	C:\Program Files\Java\jdk-13.0.2\bin\VCRUNTIME140.dll
0x00007ffbfe210000 - 0x00007ffbfe228000 	C:\Program Files\Java\jdk-13.0.2\bin\jli.dll
0x00007ffc0d8a0000 - 0x00007ffc0d943000 	C:\WINDOWS\System32\ADVAPI32.dll
0x00007ffc0d240000 - 0x00007ffc0d2de000 	C:\WINDOWS\System32\msvcrt.dll
0x00007ffc0d5b0000 - 0x00007ffc0d647000 	C:\WINDOWS\System32\sechost.dll
0x00007ffc0c980000 - 0x00007ffc0caa0000 	C:\WINDOWS\System32\RPCRT4.dll
0x00007ffc0d350000 - 0x00007ffc0d4e4000 	C:\WINDOWS\System32\USER32.dll
0x00007ffc0c610000 - 0x00007ffc0c631000 	C:\WINDOWS\System32\win32u.dll
0x00007ffc0e290000 - 0x00007ffc0e2b6000 	C:\WINDOWS\System32\GDI32.dll
0x00007ffc0bdf0000 - 0x00007ffc0bf84000 	C:\WINDOWS\System32\gdi32full.dll
0x00007ffc0c1e0000 - 0x00007ffc0c27e000 	C:\WINDOWS\System32\msvcp_win.dll
0x00007ffc0a840000 - 0x00007ffc0aac5000 	C:\WINDOWS\WinSxS\amd64_microsoft.windows.common-controls_6595b64144ccf1df_6.0.18362.778_none_e6c6b761130d4fb8\COMCTL32.dll
0x00007ffc0da80000 - 0x00007ffc0ddb6000 	C:\WINDOWS\System32\combase.dll
0x00007ffc0bff0000 - 0x00007ffc0c070000 	C:\WINDOWS\System32\bcryptPrimitives.dll
0x00007ffc08dc0000 - 0x00007ffc08dca000 	C:\WINDOWS\SYSTEM32\VERSION.dll
0x00007ffc0caa0000 - 0x00007ffc0cace000 	C:\WINDOWS\System32\IMM32.DLL
0x00007ffbe8010000 - 0x00007ffbe80ab000 	C:\Program Files\Java\jdk-13.0.2\bin\msvcp140.dll
0x00007ffbb9510000 - 0x00007ffbba06d000 	C:\Program Files\Java\jdk-13.0.2\bin\server\jvm.dll
0x00007ffc0e340000 - 0x00007ffc0e348000 	C:\WINDOWS\System32\PSAPI.DLL
0x00007ffc087d0000 - 0x00007ffc087f4000 	C:\WINDOWS\SYSTEM32\WINMM.dll
0x00007ffbfd560000 - 0x00007ffbfd569000 	C:\WINDOWS\SYSTEM32\WSOCK32.dll
0x00007ffc0d2e0000 - 0x00007ffc0d34f000 	C:\WINDOWS\System32\WS2_32.dll
0x00007ffc087a0000 - 0x00007ffc087cd000 	C:\WINDOWS\SYSTEM32\winmmbase.dll
0x00007ffc0c070000 - 0x00007ffc0c0ba000 	C:\WINDOWS\System32\cfgmgr32.dll
0x00007ffc0b5b0000 - 0x00007ffc0b5c1000 	C:\WINDOWS\System32\kernel.appcore.dll
0x00007ffc09710000 - 0x00007ffc09720000 	C:\Program Files\Java\jdk-13.0.2\bin\verify.dll
0x00007ffc0af20000 - 0x00007ffc0b114000 	C:\WINDOWS\SYSTEM32\DBGHELP.DLL
0x00007ffc0ae30000 - 0x00007ffc0ae5a000 	C:\WINDOWS\SYSTEM32\dbgcore.DLL
0x00007ffbe73b0000 - 0x00007ffbe73d6000 	C:\Program Files\Java\jdk-13.0.2\bin\java.dll
0x00007ffbfd170000 - 0x00007ffbfd187000 	C:\Program Files\Java\jdk-13.0.2\bin\zip.dll
0x00007ffc09610000 - 0x00007ffc0961a000 	C:\Program Files\Java\jdk-13.0.2\bin\jimage.dll
0x00007ffc0cb50000 - 0x00007ffc0d235000 	C:\WINDOWS\System32\SHELL32.dll
0x00007ffc0c8d0000 - 0x00007ffc0c979000 	C:\WINDOWS\System32\shcore.dll
0x00007ffc0b670000 - 0x00007ffc0bdf0000 	C:\WINDOWS\System32\windows.storage.dll
0x00007ffc0b640000 - 0x00007ffc0b663000 	C:\WINDOWS\System32\profapi.dll
0x00007ffc0b5d0000 - 0x00007ffc0b61a000 	C:\WINDOWS\System32\powrprof.dll
0x00007ffc0b5a0000 - 0x00007ffc0b5b0000 	C:\WINDOWS\System32\UMPDC.dll
0x00007ffc0ddc0000 - 0x00007ffc0de12000 	C:\WINDOWS\System32\shlwapi.dll
0x00007ffc0c0c0000 - 0x00007ffc0c0d7000 	C:\WINDOWS\System32\cryptsp.dll
0x00007ffbe7fd0000 - 0x00007ffbe7fe9000 	C:\Program Files\Java\jdk-13.0.2\bin\net.dll
0x00007ffbfd820000 - 0x00007ffbfd910000 	C:\WINDOWS\SYSTEM32\WINHTTP.dll
0x00007ffc0a7b0000 - 0x00007ffc0a817000 	C:\WINDOWS\system32\mswsock.dll
0x00007ffbe61b0000 - 0x00007ffbe61c3000 	C:\Program Files\Java\jdk-13.0.2\bin\nio.dll

dbghelp: loaded successfully - version: 4.0.5 - missing functions: none
symbol engine: initialized successfully - sym options: 0x614 - pdb path: .;C:\Program Files\Java\jdk-13.0.2\bin;C:\WINDOWS\SYSTEM32;C:\WINDOWS\WinSxS\amd64_microsoft.windows.common-controls_6595b64144ccf1df_6.0.18362.778_none_e6c6b761130d4fb8;C:\Program Files\Java\jdk-13.0.2\bin\server

VM Arguments:
jvm_args: --module-path=C:\Program Files\Java\javafx-sdk-11.0.2\lib --add-modules=javafx.controls,javafx.fxml -Dfile.encoding=MS874 
java_command: application.Main
java_class_path (initial): C:\Users\Admin\eclipse-workspace\Progmeth_final\bin
Launcher Type: SUN_STANDARD

[Global flags]
     intx CICompilerCount                          = 3                                         {product} {ergonomic}
     uint ConcGCThreads                            = 1                                         {product} {ergonomic}
     uint G1ConcRefinementThreads                  = 4                                         {product} {ergonomic}
   size_t G1HeapRegionSize                         = 1048576                                   {product} {ergonomic}
    uintx GCDrainStackTargetSize                   = 64                                        {product} {ergonomic}
   size_t InitialHeapSize                          = 58720256                                  {product} {ergonomic}
   size_t MarkStackSize                            = 4194304                                   {product} {ergonomic}
   size_t MaxHeapSize                              = 924844032                                 {product} {ergonomic}
   size_t MaxNewSize                               = 554696704                                 {product} {ergonomic}
   size_t MinHeapDeltaBytes                        = 1048576                                   {product} {ergonomic}
   size_t MinHeapSize                              = 8388608                                   {product} {ergonomic}
    uintx NonNMethodCodeHeapSize                   = 5832780                                {pd product} {ergonomic}
    uintx NonProfiledCodeHeapSize                  = 122912730                              {pd product} {ergonomic}
    uintx ProfiledCodeHeapSize                     = 122912730                              {pd product} {ergonomic}
    uintx ReservedCodeCacheSize                    = 251658240                              {pd product} {ergonomic}
     bool SegmentedCodeCache                       = true                                      {product} {ergonomic}
   size_t SoftMaxHeapSize                          = 924844032                              {manageable} {ergonomic}
     bool UseCompressedClassPointers               = true                                 {lp64_product} {ergonomic}
     bool UseCompressedOops                        = true                                 {lp64_product} {ergonomic}
     bool UseG1GC                                  = true                                      {product} {ergonomic}
     bool UseLargePagesIndividualAllocation        = false                                  {pd product} {ergonomic}

Logging:
Log output configuration:
 #0: stdout all=warning uptime,level,tags
 #1: stderr all=off uptime,level,tags

Environment Variables:
JAVA_HOME=C:\Program Files\Java\jdk-13.0.2
PATH=C:/Program Files/Java/jre1.8.0_121/bin/server;C:/Program Files/Java/jre1.8.0_121/bin;C:/Program Files/Java/jre1.8.0_121/lib/amd64;C:\ProgramData\Oracle\Java\javapath;C:\WINDOWS\system32;C:\WINDOWS;C:\WINDOWS\System32\Wbem;C:\WINDOWS\System32\WindowsPowerShell\v1.0\;C:\WINDOWS\System32\OpenSSH\;C:\Program Files (x86)\NVIDIA Corporation\PhysX\Common;C:\Program Files\Git\cmd;C:\Program Files\PuTTY\;C:\Program Files\Java\jdk-13.0.2\bin;C:\Program Files\Java\jdk-13.0.2\bin;C:\Users\Admin\AppData\Local\Programs\Python\Python37\Scripts\;C:\Users\Admin\AppData\Local\Programs\Python\Python37\;C:\ProgramData\Oracle\Java\javapath;C:\WINDOWS\system32;C:\WINDOWS;C:\WINDOWS\System32\Wbem;C:\WINDOWS\System32\WindowsPowerShell\v1.0\;C:\WINDOWS\System32\OpenSSH\;C:\Program Files (x86)\NVIDIA Corporation\PhysX\Common;C:\Program Files\Git\cmd;C:\Program Files\PuTTY\;C:\Users\Admin\AppData\Local\Microsoft\WindowsApps;C:\Python37\Scripts;C:\Users\Admin\Downloads\ffmpeg-20200323-ba698a2-win64-static\bin;C:\Program Files (x86)\Graphviz2.38\bin;;C:\Users\Admin\Desktop;
USERNAME=Admin
OS=Windows_NT
PROCESSOR_IDENTIFIER=Intel64 Family 6 Model 78 Stepping 3, GenuineIntel



---------------  S Y S T E M  ---------------

OS: Windows 10 , 64 bit Build 18362 (10.0.18362.778)

CPU:total 4 (initial active 4) (2 cores per cpu, 2 threads per core) family 6 model 78 stepping 3, cmov, cx8, fxsr, mmx, sse, sse2, sse3, ssse3, sse4.1, sse4.2, popcnt, avx, avx2, aes, clmul, erms, rtm, 3dnowpref, lzcnt, ht, tsc, tscinvbit, bmi1, bmi2, adx, fma

Memory: 4k page, system-wide physical 3520M (257M free)
TotalPageFile size 14272M (AvailPageFile size 0M)
current process WorkingSet (physical memory assigned to process): 51M, peak: 51M
current process commit charge ("private bytes"): 144M, peak: 145M

vm_info: Java HotSpot(TM) 64-Bit Server VM (13.0.2+8) for windows-amd64 JRE (13.0.2+8), built on Dec 11 2019 09:20:33 by "mach5one" with unknown MS VC++:1916

END.
