#
# There is insufficient memory for the Java Runtime Environment to continue.
# Native memory allocation (malloc) failed to allocate 1048576 bytes for AllocateHeap
# Possible reasons:
#   The system is out of physical RAM or swap space
#   The process is running with CompressedOops enabled, and the Java Heap may be blocking the growth of the native heap
# Possible solutions:
#   Reduce memory load on the system
#   Increase physical memory or swap space
#   Check if swap backing store is full
#   Decrease Java heap size (-Xmx/-Xms)
#   Decrease number of Java threads
#   Decrease Java thread stack sizes (-Xss)
#   Set larger code cache with -XX:ReservedCodeCacheSize=
#   JVM is running with Unscaled Compressed Oops mode in which the Java heap is
#     placed in the first 4GB address space. The Java Heap base address is the
#     maximum limit for the native heap growth. Please use -XX:HeapBaseMinAddress
#     to set the Java Heap base and to place the Java Heap above 4GB virtual address.
# This output file may be truncated or incomplete.
#
#  Out of Memory Error (t:/workspace/open/src/hotspot/share/memory/allocation.cpp:45), pid=4416, tid=2212
#
# JRE version:  (13.0.2+8) (build )
# Java VM: Java HotSpot(TM) 64-Bit Server VM (13.0.2+8, mixed mode, aot, sharing, tiered, compressed oops, g1 gc, windows-amd64)
# No core dump will be written. Minidumps are not enabled by default on client versions of Windows
#

---------------  S U M M A R Y ------------

Command Line: -Dfile.encoding=MS874 main.Main

Host: Intel(R) Core(TM) i3-6100U CPU @ 2.30GHz, 4 cores, 3G,  Windows 10 , 64 bit Build 18362 (10.0.18362.329)
Time: Sun Mar 29 18:09:36 2020 SE Asia Standard Time elapsed time: 0 seconds (0d 0h 0m 0s)

---------------  T H R E A D  ---------------

Current thread (0x0000027eb530f800):  JavaThread "Unknown thread" [_thread_in_vm, id=2212, stack(0x000000e891900000,0x000000e891a00000)]

Stack: [0x000000e891900000,0x000000e891a00000]
Native frames: (J=compiled Java code, j=interpreted, Vv=VM code, C=native code)
V  [jvm.dll+0x624f9a]
V  [jvm.dll+0x770cfa]
V  [jvm.dll+0x7724af]
V  [jvm.dll+0x772ab3]
V  [jvm.dll+0x24bf08]
V  [jvm.dll+0xb8d8f]
V  [jvm.dll+0x2e110d]
V  [jvm.dll+0x74dd68]
V  [jvm.dll+0x361989]
V  [jvm.dll+0x730e65]
V  [jvm.dll+0x3cc53f]
V  [jvm.dll+0x3ce861]
C  [jli.dll+0x51ff]
C  [ucrtbase.dll+0x20e72]
C  [KERNEL32.DLL+0x17bd4]
C  [ntdll.dll+0x6ced1]


---------------  P R O C E S S  ---------------

Threads class SMR info:
_java_thread_list=0x00007ffeb735ccb8, length=0, elements={
}

Java Threads: ( => current thread )

Other Threads:

[error occurred during error reporting (printing all threads), id 0xc0000005, EXCEPTION_ACCESS_VIOLATION (0xc0000005) at pc=0x00007ffeb6fd5eb7]

VM state:not at safepoint (not fully initialized)

VM Mutex/Monitor currently owned by a thread: None


[error occurred during error reporting (printing compressed oops mode), id 0xc0000005, EXCEPTION_ACCESS_VIOLATION (0xc0000005) at pc=0x00007ffeb6ac2227]

GC Heap History (0 events):
No events

Deoptimization events (0 events):
No events

Classes unloaded (0 events):
No events

Classes redefined (0 events):
No events

Internal exceptions (0 events):
No events

Events (8 events):
Event: 0.015 Loaded shared library C:\Program Files\Java\jdk-13.0.2\bin\zip.dll
Event: 0.016 Loaded shared library C:\Program Files\Java\jdk-13.0.2\bin\jimage.dll
Event: 0.034 Loading shared library C:\Program Files\Java\jdk-13.0.2\lib\libjava.base-coop.dll failed, error code 126
Event: 0.034 Loading shared library C:\Program Files\Java\jdk-13.0.2\lib\libjava.logging-coop.dll failed, error code 126
Event: 0.034 Loading shared library C:\Program Files\Java\jdk-13.0.2\lib\libjdk.compiler-coop.dll failed, error code 126
Event: 0.034 Loading shared library C:\Program Files\Java\jdk-13.0.2\lib\libjdk.scripting.nashorn-coop.dll failed, error code 126
Event: 0.034 Loading shared library C:\Program Files\Java\jdk-13.0.2\lib\libjdk.internal.vm.ci-coop.dll failed, error code 126
Event: 0.034 Loading shared library C:\Program Files\Java\jdk-13.0.2\lib\libjdk.internal.vm.compiler-coop.dll failed, error code 126


Dynamic libraries:
0x00007ff78a3c0000 - 0x00007ff78a3cf000 	C:\Program Files\Java\jdk-13.0.2\bin\javaw.exe
0x00007fff0b880000 - 0x00007fff0ba70000 	C:\WINDOWS\SYSTEM32\ntdll.dll
0x00007ffefd6b0000 - 0x00007ffefd6c5000 	C:\Program Files\AVG\Antivirus\aswhook.dll
0x00007fff0a5c0000 - 0x00007fff0a672000 	C:\WINDOWS\System32\KERNEL32.DLL
0x00007fff08810000 - 0x00007fff08ab3000 	C:\WINDOWS\System32\KERNELBASE.dll
0x00007fff08d70000 - 0x00007fff08e6a000 	C:\WINDOWS\System32\ucrtbase.dll
0x00007fff06750000 - 0x00007fff06768000 	C:\Program Files\Java\jdk-13.0.2\bin\jli.dll
0x00007fff0a010000 - 0x00007fff0a0b3000 	C:\WINDOWS\System32\ADVAPI32.dll
0x00007fff09b80000 - 0x00007fff09c1e000 	C:\WINDOWS\System32\msvcrt.dll
0x00007fff09940000 - 0x00007fff099d7000 	C:\WINDOWS\System32\sechost.dll
0x00007fff09ef0000 - 0x00007fff0a010000 	C:\WINDOWS\System32\RPCRT4.dll
0x00007fff0b5f0000 - 0x00007fff0b784000 	C:\WINDOWS\System32\USER32.dll
0x00007fff08ac0000 - 0x00007fff08ae1000 	C:\WINDOWS\System32\win32u.dll
0x00007fff0b450000 - 0x00007fff0b476000 	C:\WINDOWS\System32\GDI32.dll
0x00007fff08af0000 - 0x00007fff08c84000 	C:\WINDOWS\System32\gdi32full.dll
0x00007fff09640000 - 0x00007fff096de000 	C:\WINDOWS\System32\msvcp_win.dll
0x00007fff06730000 - 0x00007fff06745000 	C:\Program Files\Java\jdk-13.0.2\bin\VCRUNTIME140.dll
0x00007fff07be0000 - 0x00007fff07e65000 	C:\WINDOWS\WinSxS\amd64_microsoft.windows.common-controls_6595b64144ccf1df_6.0.18362.720_none_e6beb5c51314836b\COMCTL32.dll
0x00007fff0a6e0000 - 0x00007fff0aa16000 	C:\WINDOWS\System32\combase.dll
0x00007fff08cf0000 - 0x00007fff08d70000 	C:\WINDOWS\System32\bcryptPrimitives.dll
0x00007ffeffab0000 - 0x00007ffeffaba000 	C:\WINDOWS\SYSTEM32\VERSION.dll
0x00007fff09c20000 - 0x00007fff09c4e000 	C:\WINDOWS\System32\IMM32.DLL
0x00007ffee7d30000 - 0x00007ffee7dcb000 	C:\Program Files\Java\jdk-13.0.2\bin\msvcp140.dll
0x00007ffeb68a0000 - 0x00007ffeb73fd000 	C:\Program Files\Java\jdk-13.0.2\bin\server\jvm.dll
0x00007fff09930000 - 0x00007fff09938000 	C:\WINDOWS\System32\PSAPI.DLL
0x00007ffefa0d0000 - 0x00007ffefa0d9000 	C:\WINDOWS\SYSTEM32\WSOCK32.dll
0x00007fff0a0c0000 - 0x00007fff0a12f000 	C:\WINDOWS\System32\WS2_32.dll
0x00007fff05790000 - 0x00007fff057b4000 	C:\WINDOWS\SYSTEM32\WINMM.dll
0x00007fff05760000 - 0x00007fff0578d000 	C:\WINDOWS\SYSTEM32\WINMMBASE.dll
0x00007fff096e0000 - 0x00007fff0972a000 	C:\WINDOWS\System32\cfgmgr32.dll
0x00007fff087d0000 - 0x00007fff087e1000 	C:\WINDOWS\System32\kernel.appcore.dll
0x00007fff068d0000 - 0x00007fff068e0000 	C:\Program Files\Java\jdk-13.0.2\bin\verify.dll
0x00007fff081a0000 - 0x00007fff08394000 	C:\WINDOWS\SYSTEM32\DBGHELP.DLL
0x00007fff08170000 - 0x00007fff0819a000 	C:\WINDOWS\SYSTEM32\dbgcore.DLL
0x00007fff06620000 - 0x00007fff06646000 	C:\Program Files\Java\jdk-13.0.2\bin\java.dll
0x00007fff06510000 - 0x00007fff06527000 	C:\Program Files\Java\jdk-13.0.2\bin\zip.dll
0x00007fff064e0000 - 0x00007fff064ea000 	C:\Program Files\Java\jdk-13.0.2\bin\jimage.dll

dbghelp: loaded successfully - version: 4.0.5 - missing functions: none
symbol engine: initialized successfully - sym options: 0x614 - pdb path: .;C:\Program Files\Java\jdk-13.0.2\bin;C:\WINDOWS\SYSTEM32;C:\Program Files\AVG\Antivirus;C:\WINDOWS\WinSxS\amd64_microsoft.windows.common-controls_6595b64144ccf1df_6.0.18362.720_none_e6beb5c51314836b;C:\Program Files\Java\jdk-13.0.2\bin\server

VM Arguments:
jvm_args: -Dfile.encoding=MS874 
java_command: main.Main
java_class_path (initial): C:\Users\Admin\eclipse-workspace\Progmeth_final\bin
Launcher Type: SUN_STANDARD

[Global flags]
     intx CICompilerCount                          = 3                                         {product} {ergonomic}
     uint G1ConcRefinementThreads                  = 4                                         {product} {ergonomic}
   size_t G1HeapRegionSize                         = 1048576                                   {product} {ergonomic}
    uintx GCDrainStackTargetSize                   = 64                                        {product} {ergonomic}
   size_t InitialHeapSize                          = 58720256                                  {product} {ergonomic}
   size_t MaxHeapSize                              = 924844032                                 {product} {ergonomic}
   size_t MinHeapDeltaBytes                        = 1048576                                   {product} {ergonomic}
   size_t MinHeapSize                              = 8388608                                   {product} {ergonomic}
    uintx NonNMethodCodeHeapSize                   = 5832780                                {pd product} {ergonomic}
    uintx NonProfiledCodeHeapSize                  = 122912730                              {pd product} {ergonomic}
    uintx ProfiledCodeHeapSize                     = 122912730                              {pd product} {ergonomic}
    uintx ReservedCodeCacheSize                    = 251658240                              {pd product} {ergonomic}
     bool SegmentedCodeCache                       = true                                      {product} {ergonomic}
   size_t SoftMaxHeapSize                          = 924844032                              {manageable} {ergonomic}
     bool UseCompressedClassPointers               = true                                 {lp64_product} {ergonomic}
     bool UseCompressedOops                        = true                                 {lp64_product} {ergonomic}
     bool UseG1GC                                  = true                                      {product} {ergonomic}
     bool UseLargePagesIndividualAllocation        = false                                  {pd product} {ergonomic}

Logging:
Log output configuration:
 #0: stdout all=warning uptime,level,tags
 #1: stderr all=off uptime,level,tags

Environment Variables:
PATH=C:/Program Files/Java/jre1.8.0_121/bin/server;C:/Program Files/Java/jre1.8.0_121/bin;C:/Program Files/Java/jre1.8.0_121/lib/amd64;C:\ProgramData\Oracle\Java\javapath;C:\WINDOWS\system32;C:\WINDOWS;C:\WINDOWS\System32\Wbem;C:\WINDOWS\System32\WindowsPowerShell\v1.0\;C:\WINDOWS\System32\OpenSSH\;C:\Program Files (x86)\NVIDIA Corporation\PhysX\Common;C:\Program Files\Git\cmd;C:\Program Files\PuTTY\;C:\Users\Admin\AppData\Local\Programs\Python\Python37\Scripts\;C:\Users\Admin\AppData\Local\Programs\Python\Python37\;C:\ProgramData\Oracle\Java\javapath;C:\WINDOWS\system32;C:\WINDOWS;C:\WINDOWS\System32\Wbem;C:\WINDOWS\System32\WindowsPowerShell\v1.0\;C:\WINDOWS\System32\OpenSSH\;C:\Program Files (x86)\NVIDIA Corporation\PhysX\Common;C:\Program Files\Git\cmd;C:\Program Files\PuTTY\;C:\Users\Admin\AppData\Local\Microsoft\WindowsApps;C:\Python37\Scripts;C:\Users\Admin\Downloads\ffmpeg-20200323-ba698a2-win64-static\bin;C:\Program Files (x86)\Graphviz2.38\bin;;C:\Users\Admin\Desktop;
USERNAME=Admin
OS=Windows_NT
PROCESSOR_IDENTIFIER=Intel64 Family 6 Model 78 Stepping 3, GenuineIntel



---------------  S Y S T E M  ---------------

OS: Windows 10 , 64 bit Build 18362 (10.0.18362.329)

CPU:total 4 (initial active 4) (2 cores per cpu, 2 threads per core) family 6 model 78 stepping 3, cmov, cx8, fxsr, mmx, sse, sse2, sse3, ssse3, sse4.1, sse4.2, popcnt, avx, avx2, aes, clmul, erms, rtm, 3dnowpref, lzcnt, ht, tsc, tscinvbit, bmi1, bmi2, adx, fma

Memory: 4k page, system-wide physical 3520M (371M free)
TotalPageFile size 14272M (AvailPageFile size 5M)
current process WorkingSet (physical memory assigned to process): 9M, peak: 9M
current process commit charge ("private bytes"): 13M, peak: 14M

vm_info: Java HotSpot(TM) 64-Bit Server VM (13.0.2+8) for windows-amd64 JRE (13.0.2+8), built on Dec 11 2019 09:20:33 by "mach5one" with unknown MS VC++:1916

END.
