#
# There is insufficient memory for the Java Runtime Environment to continue.
# Native memory allocation (mmap) failed to map 58720256 bytes for Failed to commit area from 0x00000000c8e00000 to 0x00000000cc600000 of length 58720256.
# Possible reasons:
#   The system is out of physical RAM or swap space
#   The process is running with CompressedOops enabled, and the Java Heap may be blocking the growth of the native heap
# Possible solutions:
#   Reduce memory load on the system
#   Increase physical memory or swap space
#   Check if swap backing store is full
#   Decrease Java heap size (-Xmx/-Xms)
#   Decrease number of Java threads
#   Decrease Java thread stack sizes (-Xss)
#   Set larger code cache with -XX:ReservedCodeCacheSize=
# This output file may be truncated or incomplete.
#
#  Out of Memory Error (t:/workspace/open/src/hotspot/os/windows/os_windows.cpp:3301), pid=9788, tid=6520
#
# JRE version:  (13.0.2+8) (build )
# Java VM: Java HotSpot(TM) 64-Bit Server VM (13.0.2+8, mixed mode, aot, sharing, tiered, compressed oops, g1 gc, windows-amd64)
# No core dump will be written. Minidumps are not enabled by default on client versions of Windows
#

---------------  S U M M A R Y ------------

Command Line: -Dfile.encoding=MS874 main.Main

Host: Intel(R) Core(TM) i3-6100U CPU @ 2.30GHz, 4 cores, 3G,  Windows 10 , 64 bit Build 18362 (10.0.18362.329)
Time: Mon Mar 30 14:28:42 2020 SE Asia Standard Time elapsed time: 0 seconds (0d 0h 0m 0s)

---------------  T H R E A D  ---------------

Current thread (0x000002dc770cf800):  JavaThread "Unknown thread" [_thread_in_vm, id=6520, stack(0x000000f238700000,0x000000f238800000)]

Stack: [0x000000f238700000,0x000000f238800000]
Native frames: (J=compiled Java code, j=interpreted, Vv=VM code, C=native code)
V  [jvm.dll+0x624f9a]
V  [jvm.dll+0x770cfa]
V  [jvm.dll+0x7724af]
V  [jvm.dll+0x772ab3]
V  [jvm.dll+0x24bf08]
V  [jvm.dll+0x6222aa]
V  [jvm.dll+0x6170b5]
V  [jvm.dll+0x30a88c]
V  [jvm.dll+0x30a6c2]
V  [jvm.dll+0x30fe36]
V  [jvm.dll+0x353f46]
V  [jvm.dll+0x353720]
V  [jvm.dll+0x2e550a]
V  [jvm.dll+0x2e67a2]
V  [jvm.dll+0x74dd78]
V  [jvm.dll+0x361989]
V  [jvm.dll+0x730e65]
V  [jvm.dll+0x3cc53f]
V  [jvm.dll+0x3ce861]
C  [jli.dll+0x51ff]
C  [ucrtbase.dll+0x20e72]
C  [KERNEL32.DLL+0x17bd4]
C  [ntdll.dll+0x6ced1]


---------------  P R O C E S S  ---------------

Threads class SMR info:
_java_thread_list=0x00007ffc1b5fccb8, length=0, elements={
}

Java Threads: ( => current thread )

Other Threads:
  0x000002dc770ff000 GCTaskThread "GC Thread#0" [stack: 0x000000f238800000,0x000000f238900000] [id=8876]
  0x000002dc77108800 ConcurrentGCThread "G1 Main Marker" [stack: 0x000000f238900000,0x000000f238a00000] [id=8232]
  0x000002dc7710a800 ConcurrentGCThread "G1 Conc#0" [stack: 0x000000f238a00000,0x000000f238b00000] [id=1760]

[error occurred during error reporting (printing all threads), id 0xc0000005, EXCEPTION_ACCESS_VIOLATION (0xc0000005) at pc=0x00007ffc1ae351d7]

VM state:not at safepoint (not fully initialized)

VM Mutex/Monitor currently owned by a thread:  ([mutex/lock_event])
[0x000002dc770cb2d0] Heap_lock - owner thread: 0x000002dc770cf800

Heap address: 0x00000000c8e00000, size: 882 MB, Compressed Oops mode: Non-zero based: 0x00000000c8e00000
Narrow klass base: 0x0000000000000000, Narrow klass shift: 0

GC Heap History (0 events):
No events

Deoptimization events (0 events):
No events

Classes unloaded (0 events):
No events

Classes redefined (0 events):
No events

Internal exceptions (0 events):
No events

Events (8 events):
Event: 0.036 Loaded shared library C:\Program Files\Java\jdk-13.0.2\bin\zip.dll
Event: 0.037 Loaded shared library C:\Program Files\Java\jdk-13.0.2\bin\jimage.dll
Event: 0.040 Loading shared library C:\Program Files\Java\jdk-13.0.2\lib\libjava.base-coop.dll failed, error code 126
Event: 0.040 Loading shared library C:\Program Files\Java\jdk-13.0.2\lib\libjava.logging-coop.dll failed, error code 126
Event: 0.040 Loading shared library C:\Program Files\Java\jdk-13.0.2\lib\libjdk.compiler-coop.dll failed, error code 126
Event: 0.040 Loading shared library C:\Program Files\Java\jdk-13.0.2\lib\libjdk.scripting.nashorn-coop.dll failed, error code 126
Event: 0.040 Loading shared library C:\Program Files\Java\jdk-13.0.2\lib\libjdk.internal.vm.ci-coop.dll failed, error code 126
Event: 0.040 Loading shared library C:\Program Files\Java\jdk-13.0.2\lib\libjdk.internal.vm.compiler-coop.dll failed, error code 126


Dynamic libraries:
0x00007ff60e260000 - 0x00007ff60e26f000 	C:\Program Files\Java\jdk-13.0.2\bin\javaw.exe
0x00007ffc72d20000 - 0x00007ffc72f10000 	C:\WINDOWS\SYSTEM32\ntdll.dll
0x00007ffc32210000 - 0x00007ffc32225000 	C:\Program Files\AVG\Antivirus\aswhook.dll
0x00007ffc710d0000 - 0x00007ffc71182000 	C:\WINDOWS\System32\KERNEL32.DLL
0x00007ffc6fcb0000 - 0x00007ffc6ff53000 	C:\WINDOWS\System32\KERNELBASE.dll
0x00007ffc70030000 - 0x00007ffc7012a000 	C:\WINDOWS\System32\ucrtbase.dll
0x00007ffc61f00000 - 0x00007ffc61f18000 	C:\Program Files\Java\jdk-13.0.2\bin\jli.dll
0x00007ffc70dd0000 - 0x00007ffc70e73000 	C:\WINDOWS\System32\ADVAPI32.dll
0x00007ffc72050000 - 0x00007ffc720ee000 	C:\WINDOWS\System32\msvcrt.dll
0x00007ffc70fb0000 - 0x00007ffc71047000 	C:\WINDOWS\System32\sechost.dll
0x00007ffc711a0000 - 0x00007ffc712c0000 	C:\WINDOWS\System32\RPCRT4.dll
0x00007ffc72170000 - 0x00007ffc72304000 	C:\WINDOWS\System32\USER32.dll
0x00007ffc70000000 - 0x00007ffc70021000 	C:\WINDOWS\System32\win32u.dll
0x00007ffc71fc0000 - 0x00007ffc71fe6000 	C:\WINDOWS\System32\GDI32.dll
0x00007ffc709e0000 - 0x00007ffc70b74000 	C:\WINDOWS\System32\gdi32full.dll
0x00007ffc6ff60000 - 0x00007ffc6fffe000 	C:\WINDOWS\System32\msvcp_win.dll
0x00007ffc61ee0000 - 0x00007ffc61ef5000 	C:\Program Files\Java\jdk-13.0.2\bin\VCRUNTIME140.dll
0x00007ffc62730000 - 0x00007ffc629b5000 	C:\WINDOWS\WinSxS\amd64_microsoft.windows.common-controls_6595b64144ccf1df_6.0.18362.720_none_e6beb5c51314836b\COMCTL32.dll
0x00007ffc71b70000 - 0x00007ffc71ea6000 	C:\WINDOWS\System32\combase.dll
0x00007ffc70960000 - 0x00007ffc709e0000 	C:\WINDOWS\System32\bcryptPrimitives.dll
0x00007ffc67960000 - 0x00007ffc6796a000 	C:\WINDOWS\SYSTEM32\VERSION.dll
0x00007ffc71eb0000 - 0x00007ffc71ede000 	C:\WINDOWS\System32\IMM32.DLL
0x00007ffc51270000 - 0x00007ffc5130b000 	C:\Program Files\Java\jdk-13.0.2\bin\msvcp140.dll
0x00007ffc1ab40000 - 0x00007ffc1b69d000 	C:\Program Files\Java\jdk-13.0.2\bin\server\jvm.dll
0x00007ffc72160000 - 0x00007ffc72168000 	C:\WINDOWS\System32\PSAPI.DLL
0x00007ffc60d90000 - 0x00007ffc60d99000 	C:\WINDOWS\SYSTEM32\WSOCK32.dll
0x00007ffc72500000 - 0x00007ffc7256f000 	C:\WINDOWS\System32\WS2_32.dll
0x00007ffc6a140000 - 0x00007ffc6a164000 	C:\WINDOWS\SYSTEM32\WINMM.dll
0x00007ffc6a110000 - 0x00007ffc6a13d000 	C:\WINDOWS\SYSTEM32\WINMMBASE.dll
0x00007ffc70d80000 - 0x00007ffc70dca000 	C:\WINDOWS\System32\cfgmgr32.dll
0x00007ffc6fbf0000 - 0x00007ffc6fc01000 	C:\WINDOWS\System32\kernel.appcore.dll
0x00007ffc620b0000 - 0x00007ffc620c0000 	C:\Program Files\Java\jdk-13.0.2\bin\verify.dll
0x00007ffc6e490000 - 0x00007ffc6e684000 	C:\WINDOWS\SYSTEM32\DBGHELP.DLL
0x00007ffc666e0000 - 0x00007ffc6670a000 	C:\WINDOWS\SYSTEM32\dbgcore.DLL
0x00007ffc61eb0000 - 0x00007ffc61ed6000 	C:\Program Files\Java\jdk-13.0.2\bin\java.dll
0x00007ffc61dc0000 - 0x00007ffc61dd7000 	C:\Program Files\Java\jdk-13.0.2\bin\zip.dll
0x00007ffc61e80000 - 0x00007ffc61e8a000 	C:\Program Files\Java\jdk-13.0.2\bin\jimage.dll

dbghelp: loaded successfully - version: 4.0.5 - missing functions: none
symbol engine: initialized successfully - sym options: 0x614 - pdb path: .;C:\Program Files\Java\jdk-13.0.2\bin;C:\WINDOWS\SYSTEM32;C:\Program Files\AVG\Antivirus;C:\WINDOWS\WinSxS\amd64_microsoft.windows.common-controls_6595b64144ccf1df_6.0.18362.720_none_e6beb5c51314836b;C:\Program Files\Java\jdk-13.0.2\bin\server

VM Arguments:
jvm_args: -Dfile.encoding=MS874 
java_command: main.Main
java_class_path (initial): C:\Users\Admin\eclipse-workspace\Progmeth_final\bin
Launcher Type: SUN_STANDARD

[Global flags]
     intx CICompilerCount                          = 3                                         {product} {ergonomic}
     uint ConcGCThreads                            = 1                                         {product} {ergonomic}
     uint G1ConcRefinementThreads                  = 4                                         {product} {ergonomic}
   size_t G1HeapRegionSize                         = 1048576                                   {product} {ergonomic}
    uintx GCDrainStackTargetSize                   = 64                                        {product} {ergonomic}
   size_t InitialHeapSize                          = 58720256                                  {product} {ergonomic}
   size_t MarkStackSize                            = 4194304                                   {product} {ergonomic}
   size_t MaxHeapSize                              = 924844032                                 {product} {ergonomic}
   size_t MinHeapDeltaBytes                        = 1048576                                   {product} {ergonomic}
   size_t MinHeapSize                              = 8388608                                   {product} {ergonomic}
    uintx NonNMethodCodeHeapSize                   = 5832780                                {pd product} {ergonomic}
    uintx NonProfiledCodeHeapSize                  = 122912730                              {pd product} {ergonomic}
    uintx ProfiledCodeHeapSize                     = 122912730                              {pd product} {ergonomic}
    uintx ReservedCodeCacheSize                    = 251658240                              {pd product} {ergonomic}
     bool SegmentedCodeCache                       = true                                      {product} {ergonomic}
   size_t SoftMaxHeapSize                          = 924844032                              {manageable} {ergonomic}
     bool UseCompressedClassPointers               = true                                 {lp64_product} {ergonomic}
     bool UseCompressedOops                        = true                                 {lp64_product} {ergonomic}
     bool UseG1GC                                  = true                                      {product} {ergonomic}
     bool UseLargePagesIndividualAllocation        = false                                  {pd product} {ergonomic}

Logging:
Log output configuration:
 #0: stdout all=warning uptime,level,tags
 #1: stderr all=off uptime,level,tags

Environment Variables:
PATH=C:/Program Files/Java/jre1.8.0_121/bin/server;C:/Program Files/Java/jre1.8.0_121/bin;C:/Program Files/Java/jre1.8.0_121/lib/amd64;C:\ProgramData\Oracle\Java\javapath;C:\WINDOWS\system32;C:\WINDOWS;C:\WINDOWS\System32\Wbem;C:\WINDOWS\System32\WindowsPowerShell\v1.0\;C:\WINDOWS\System32\OpenSSH\;C:\Program Files (x86)\NVIDIA Corporation\PhysX\Common;C:\Program Files\Git\cmd;C:\Program Files\PuTTY\;C:\Users\Admin\AppData\Local\Programs\Python\Python37\Scripts\;C:\Users\Admin\AppData\Local\Programs\Python\Python37\;C:\ProgramData\Oracle\Java\javapath;C:\WINDOWS\system32;C:\WINDOWS;C:\WINDOWS\System32\Wbem;C:\WINDOWS\System32\WindowsPowerShell\v1.0\;C:\WINDOWS\System32\OpenSSH\;C:\Program Files (x86)\NVIDIA Corporation\PhysX\Common;C:\Program Files\Git\cmd;C:\Program Files\PuTTY\;C:\Users\Admin\AppData\Local\Microsoft\WindowsApps;C:\Python37\Scripts;C:\Users\Admin\Downloads\ffmpeg-20200323-ba698a2-win64-static\bin;C:\Program Files (x86)\Graphviz2.38\bin;;C:\Users\Admin\Desktop;
USERNAME=Admin
OS=Windows_NT
PROCESSOR_IDENTIFIER=Intel64 Family 6 Model 78 Stepping 3, GenuineIntel



---------------  S Y S T E M  ---------------

OS: Windows 10 , 64 bit Build 18362 (10.0.18362.329)

CPU:total 4 (initial active 4) (2 cores per cpu, 2 threads per core) family 6 model 78 stepping 3, cmov, cx8, fxsr, mmx, sse, sse2, sse3, ssse3, sse4.1, sse4.2, popcnt, avx, avx2, aes, clmul, erms, rtm, 3dnowpref, lzcnt, ht, tsc, tscinvbit, bmi1, bmi2, adx, fma

Memory: 4k page, system-wide physical 3520M (263M free)
TotalPageFile size 14272M (AvailPageFile size 7M)
current process WorkingSet (physical memory assigned to process): 10M, peak: 10M
current process commit charge ("private bytes"): 51M, peak: 107M

vm_info: Java HotSpot(TM) 64-Bit Server VM (13.0.2+8) for windows-amd64 JRE (13.0.2+8), built on Dec 11 2019 09:20:33 by "mach5one" with unknown MS VC++:1916

END.
